{"/Users/menachi/Documents/web_class/sce-2022/dist/server.js": {"path":"/Users/menachi/Documents/web_class/sce-2022/dist/server.js","statementMap":{"0":{"start":{"line":2,"column":22},"end":{"line":4,"column":1}},"1":{"start":{"line":3,"column":4},"end":{"line":3,"column":62}},"2":{"start":{"line":5,"column":18},"end":{"line":5,"column":53}},"3":{"start":{"line":6,"column":12},"end":{"line":6,"column":36}},"4":{"start":{"line":7,"column":17},"end":{"line":7,"column":51}},"5":{"start":{"line":8,"column":0},"end":{"line":8,"column":26}},"6":{"start":{"line":9,"column":0},"end":{"line":9,"column":37}},"7":{"start":{"line":10,"column":19},"end":{"line":10,"column":55}},"8":{"start":{"line":11,"column":0},"end":{"line":11,"column":53}},"9":{"start":{"line":12,"column":11},"end":{"line":12,"column":40}},"10":{"start":{"line":13,"column":0},"end":{"line":15,"column":3}},"11":{"start":{"line":14,"column":4},"end":{"line":14,"column":25}},"12":{"start":{"line":16,"column":0},"end":{"line":18,"column":3}},"13":{"start":{"line":17,"column":4},"end":{"line":17,"column":38}},"14":{"start":{"line":19,"column":22},"end":{"line":19,"column":61}},"15":{"start":{"line":20,"column":0},"end":{"line":20,"column":76}},"16":{"start":{"line":21,"column":0},"end":{"line":21,"column":38}},"17":{"start":{"line":22,"column":22},"end":{"line":22,"column":70}},"18":{"start":{"line":23,"column":0},"end":{"line":23,"column":40}},"19":{"start":{"line":24,"column":22},"end":{"line":24,"column":70}},"20":{"start":{"line":25,"column":0},"end":{"line":25,"column":40}},"21":{"start":{"line":26,"column":29},"end":{"line":26,"column":75}},"22":{"start":{"line":27,"column":24},"end":{"line":27,"column":65}},"23":{"start":{"line":28,"column":0},"end":{"line":43,"column":1}},"24":{"start":{"line":29,"column":20},"end":{"line":40,"column":5}},"25":{"start":{"line":41,"column":18},"end":{"line":41,"column":55}},"26":{"start":{"line":42,"column":4},"end":{"line":42,"column":104}},"27":{"start":{"line":44,"column":0},"end":{"line":44,"column":21}}},"fnMap":{"0":{"name":"(anonymous_0)","decl":{"start":{"line":2,"column":56},"end":{"line":2,"column":57}},"loc":{"start":{"line":2,"column":71},"end":{"line":4,"column":1}},"line":2},"1":{"name":"(anonymous_1)","decl":{"start":{"line":13,"column":15},"end":{"line":13,"column":16}},"loc":{"start":{"line":13,"column":26},"end":{"line":15,"column":1}},"line":13},"2":{"name":"(anonymous_2)","decl":{"start":{"line":16,"column":16},"end":{"line":16,"column":17}},"loc":{"start":{"line":16,"column":22},"end":{"line":18,"column":1}},"line":16}},"branchMap":{"0":{"loc":{"start":{"line":2,"column":22},"end":{"line":4,"column":1}},"type":"binary-expr","locations":[{"start":{"line":2,"column":23},"end":{"line":2,"column":27}},{"start":{"line":2,"column":31},"end":{"line":2,"column":51}},{"start":{"line":2,"column":56},"end":{"line":4,"column":1}}],"line":2},"1":{"loc":{"start":{"line":3,"column":11},"end":{"line":3,"column":61}},"type":"cond-expr","locations":[{"start":{"line":3,"column":37},"end":{"line":3,"column":40}},{"start":{"line":3,"column":43},"end":{"line":3,"column":61}}],"line":3},"2":{"loc":{"start":{"line":3,"column":12},"end":{"line":3,"column":33}},"type":"binary-expr","locations":[{"start":{"line":3,"column":12},"end":{"line":3,"column":15}},{"start":{"line":3,"column":19},"end":{"line":3,"column":33}}],"line":3},"3":{"loc":{"start":{"line":28,"column":0},"end":{"line":43,"column":1}},"type":"if","locations":[{"start":{"line":28,"column":0},"end":{"line":43,"column":1}},{"start":{},"end":{}}],"line":28}},"s":{"0":2,"1":16,"2":2,"3":2,"4":2,"5":2,"6":2,"7":2,"8":2,"9":2,"10":2,"11":0,"12":2,"13":2,"14":2,"15":2,"16":2,"17":2,"18":2,"19":2,"20":2,"21":2,"22":2,"23":2,"24":0,"25":0,"26":0,"27":2},"f":{"0":16,"1":0,"2":2},"b":{"0":[2,2,2],"1":[0,16],"2":[16,16],"3":[0,2]},"inputSourceMap":null,"_coverageSchema":"1a1c01bbd47fc00a2c39e90264f33305004495a9","hash":"03e415b6d49a1f7571b27092fa0cdd3f9030c8ee"}
,"/Users/menachi/Documents/web_class/sce-2022/dist/common/auth_middleware.js": {"path":"/Users/menachi/Documents/web_class/sce-2022/dist/common/auth_middleware.js","statementMap":{"0":{"start":{"line":2,"column":16},"end":{"line":10,"column":1}},"1":{"start":{"line":3,"column":28},"end":{"line":3,"column":110}},"2":{"start":{"line":3,"column":91},"end":{"line":3,"column":106}},"3":{"start":{"line":4,"column":4},"end":{"line":9,"column":7}},"4":{"start":{"line":5,"column":36},"end":{"line":5,"column":97}},"5":{"start":{"line":5,"column":42},"end":{"line":5,"column":70}},"6":{"start":{"line":5,"column":85},"end":{"line":5,"column":95}},"7":{"start":{"line":6,"column":35},"end":{"line":6,"column":100}},"8":{"start":{"line":6,"column":41},"end":{"line":6,"column":73}},"9":{"start":{"line":6,"column":88},"end":{"line":6,"column":98}},"10":{"start":{"line":7,"column":32},"end":{"line":7,"column":116}},"11":{"start":{"line":8,"column":8},"end":{"line":8,"column":78}},"12":{"start":{"line":11,"column":22},"end":{"line":13,"column":1}},"13":{"start":{"line":12,"column":4},"end":{"line":12,"column":62}},"14":{"start":{"line":14,"column":23},"end":{"line":14,"column":63}},"15":{"start":{"line":15,"column":28},"end":{"line":15,"column":56}},"16":{"start":{"line":16,"column":23},"end":{"line":29,"column":2}},"17":{"start":{"line":16,"column":48},"end":{"line":29,"column":2}},"18":{"start":{"line":17,"column":16},"end":{"line":17,"column":44}},"19":{"start":{"line":18,"column":4},"end":{"line":20,"column":5}},"20":{"start":{"line":19,"column":8},"end":{"line":19,"column":78}},"21":{"start":{"line":21,"column":4},"end":{"line":21,"column":32}},"22":{"start":{"line":22,"column":4},"end":{"line":28,"column":7}},"23":{"start":{"line":23,"column":8},"end":{"line":25,"column":9}},"24":{"start":{"line":24,"column":12},"end":{"line":24,"column":82}},"25":{"start":{"line":26,"column":8},"end":{"line":26,"column":30}},"26":{"start":{"line":27,"column":8},"end":{"line":27,"column":15}},"27":{"start":{"line":30,"column":0},"end":{"line":30,"column":32}}},"fnMap":{"0":{"name":"(anonymous_0)","decl":{"start":{"line":2,"column":44},"end":{"line":2,"column":45}},"loc":{"start":{"line":2,"column":89},"end":{"line":10,"column":1}},"line":2},"1":{"name":"adopt","decl":{"start":{"line":3,"column":13},"end":{"line":3,"column":18}},"loc":{"start":{"line":3,"column":26},"end":{"line":3,"column":112}},"line":3},"2":{"name":"(anonymous_2)","decl":{"start":{"line":3,"column":70},"end":{"line":3,"column":71}},"loc":{"start":{"line":3,"column":89},"end":{"line":3,"column":108}},"line":3},"3":{"name":"(anonymous_3)","decl":{"start":{"line":4,"column":36},"end":{"line":4,"column":37}},"loc":{"start":{"line":4,"column":63},"end":{"line":9,"column":5}},"line":4},"4":{"name":"fulfilled","decl":{"start":{"line":5,"column":17},"end":{"line":5,"column":26}},"loc":{"start":{"line":5,"column":34},"end":{"line":5,"column":99}},"line":5},"5":{"name":"rejected","decl":{"start":{"line":6,"column":17},"end":{"line":6,"column":25}},"loc":{"start":{"line":6,"column":33},"end":{"line":6,"column":102}},"line":6},"6":{"name":"step","decl":{"start":{"line":7,"column":17},"end":{"line":7,"column":21}},"loc":{"start":{"line":7,"column":30},"end":{"line":7,"column":118}},"line":7},"7":{"name":"(anonymous_7)","decl":{"start":{"line":11,"column":56},"end":{"line":11,"column":57}},"loc":{"start":{"line":11,"column":71},"end":{"line":13,"column":1}},"line":11},"8":{"name":"(anonymous_8)","decl":{"start":{"line":16,"column":23},"end":{"line":16,"column":24}},"loc":{"start":{"line":16,"column":48},"end":{"line":29,"column":2}},"line":16},"9":{"name":"(anonymous_9)","decl":{"start":{"line":16,"column":82},"end":{"line":16,"column":83}},"loc":{"start":{"line":16,"column":95},"end":{"line":29,"column":1}},"line":16},"10":{"name":"(anonymous_10)","decl":{"start":{"line":22,"column":74},"end":{"line":22,"column":75}},"loc":{"start":{"line":22,"column":91},"end":{"line":28,"column":5}},"line":22}},"branchMap":{"0":{"loc":{"start":{"line":2,"column":16},"end":{"line":10,"column":1}},"type":"binary-expr","locations":[{"start":{"line":2,"column":17},"end":{"line":2,"column":21}},{"start":{"line":2,"column":25},"end":{"line":2,"column":39}},{"start":{"line":2,"column":44},"end":{"line":10,"column":1}}],"line":2},"1":{"loc":{"start":{"line":3,"column":35},"end":{"line":3,"column":109}},"type":"cond-expr","locations":[{"start":{"line":3,"column":56},"end":{"line":3,"column":61}},{"start":{"line":3,"column":64},"end":{"line":3,"column":109}}],"line":3},"2":{"loc":{"start":{"line":4,"column":16},"end":{"line":4,"column":34}},"type":"binary-expr","locations":[{"start":{"line":4,"column":16},"end":{"line":4,"column":17}},{"start":{"line":4,"column":22},"end":{"line":4,"column":33}}],"line":4},"3":{"loc":{"start":{"line":7,"column":32},"end":{"line":7,"column":115}},"type":"cond-expr","locations":[{"start":{"line":7,"column":46},"end":{"line":7,"column":67}},{"start":{"line":7,"column":70},"end":{"line":7,"column":115}}],"line":7},"4":{"loc":{"start":{"line":8,"column":51},"end":{"line":8,"column":67}},"type":"binary-expr","locations":[{"start":{"line":8,"column":51},"end":{"line":8,"column":61}},{"start":{"line":8,"column":65},"end":{"line":8,"column":67}}],"line":8},"5":{"loc":{"start":{"line":11,"column":22},"end":{"line":13,"column":1}},"type":"binary-expr","locations":[{"start":{"line":11,"column":23},"end":{"line":11,"column":27}},{"start":{"line":11,"column":31},"end":{"line":11,"column":51}},{"start":{"line":11,"column":56},"end":{"line":13,"column":1}}],"line":11},"6":{"loc":{"start":{"line":12,"column":11},"end":{"line":12,"column":61}},"type":"cond-expr","locations":[{"start":{"line":12,"column":37},"end":{"line":12,"column":40}},{"start":{"line":12,"column":43},"end":{"line":12,"column":61}}],"line":12},"7":{"loc":{"start":{"line":12,"column":12},"end":{"line":12,"column":33}},"type":"binary-expr","locations":[{"start":{"line":12,"column":12},"end":{"line":12,"column":15}},{"start":{"line":12,"column":19},"end":{"line":12,"column":33}}],"line":12},"8":{"loc":{"start":{"line":18,"column":4},"end":{"line":20,"column":5}},"type":"if","locations":[{"start":{"line":18,"column":4},"end":{"line":20,"column":5}},{"start":{},"end":{}}],"line":18},"9":{"loc":{"start":{"line":18,"column":8},"end":{"line":18,"column":43}},"type":"binary-expr","locations":[{"start":{"line":18,"column":8},"end":{"line":18,"column":26}},{"start":{"line":18,"column":30},"end":{"line":18,"column":43}}],"line":18},"10":{"loc":{"start":{"line":23,"column":8},"end":{"line":25,"column":9}},"type":"if","locations":[{"start":{"line":23,"column":8},"end":{"line":25,"column":9}},{"start":{},"end":{}}],"line":23}},"s":{"0":2,"1":0,"2":0,"3":3,"4":0,"5":0,"6":0,"7":0,"8":0,"9":0,"10":3,"11":3,"12":2,"13":2,"14":2,"15":2,"16":2,"17":3,"18":3,"19":3,"20":0,"21":3,"22":3,"23":3,"24":0,"25":3,"26":3,"27":2},"f":{"0":3,"1":0,"2":0,"3":3,"4":0,"5":0,"6":3,"7":2,"8":3,"9":3,"10":3},"b":{"0":[2,2,2],"1":[0,0],"2":[3,3],"3":[3,0],"4":[3,3],"5":[2,2,2],"6":[0,2],"7":[2,2],"8":[0,3],"9":[3,3],"10":[0,3]},"inputSourceMap":null,"_coverageSchema":"1a1c01bbd47fc00a2c39e90264f33305004495a9","hash":"3bbe4905a93cb3337e00b328c406d079eee8a6cb"}
,"/Users/menachi/Documents/web_class/sce-2022/dist/controllers/auth.js": {"path":"/Users/menachi/Documents/web_class/sce-2022/dist/controllers/auth.js","statementMap":{"0":{"start":{"line":2,"column":16},"end":{"line":10,"column":1}},"1":{"start":{"line":3,"column":28},"end":{"line":3,"column":110}},"2":{"start":{"line":3,"column":91},"end":{"line":3,"column":106}},"3":{"start":{"line":4,"column":4},"end":{"line":9,"column":7}},"4":{"start":{"line":5,"column":36},"end":{"line":5,"column":97}},"5":{"start":{"line":5,"column":42},"end":{"line":5,"column":70}},"6":{"start":{"line":5,"column":85},"end":{"line":5,"column":95}},"7":{"start":{"line":6,"column":35},"end":{"line":6,"column":100}},"8":{"start":{"line":6,"column":41},"end":{"line":6,"column":73}},"9":{"start":{"line":6,"column":88},"end":{"line":6,"column":98}},"10":{"start":{"line":7,"column":32},"end":{"line":7,"column":116}},"11":{"start":{"line":8,"column":8},"end":{"line":8,"column":78}},"12":{"start":{"line":11,"column":22},"end":{"line":13,"column":1}},"13":{"start":{"line":12,"column":4},"end":{"line":12,"column":62}},"14":{"start":{"line":14,"column":21},"end":{"line":14,"column":69}},"15":{"start":{"line":15,"column":28},"end":{"line":15,"column":56}},"16":{"start":{"line":16,"column":17},"end":{"line":16,"column":51}},"17":{"start":{"line":17,"column":23},"end":{"line":17,"column":63}},"18":{"start":{"line":23,"column":17},"end":{"line":59,"column":2}},"19":{"start":{"line":23,"column":31},"end":{"line":59,"column":2}},"20":{"start":{"line":24,"column":4},"end":{"line":24,"column":28}},"21":{"start":{"line":26,"column":18},"end":{"line":26,"column":32}},"22":{"start":{"line":27,"column":21},"end":{"line":27,"column":38}},"23":{"start":{"line":28,"column":4},"end":{"line":33,"column":5}},"24":{"start":{"line":32,"column":8},"end":{"line":32,"column":64}},"25":{"start":{"line":35,"column":17},"end":{"line":35,"column":51}},"26":{"start":{"line":36,"column":30},"end":{"line":36,"column":73}},"27":{"start":{"line":39,"column":17},"end":{"line":42,"column":6}},"28":{"start":{"line":43,"column":4},"end":{"line":58,"column":5}},"29":{"start":{"line":44,"column":24},"end":{"line":44,"column":41}},"30":{"start":{"line":46,"column":28},"end":{"line":46,"column":161}},"31":{"start":{"line":47,"column":29},"end":{"line":47,"column":122}},"32":{"start":{"line":48,"column":8},"end":{"line":48,"column":44}},"33":{"start":{"line":49,"column":8},"end":{"line":49,"column":29}},"34":{"start":{"line":50,"column":8},"end":{"line":54,"column":11}},"35":{"start":{"line":57,"column":8},"end":{"line":57,"column":100}},"36":{"start":{"line":65,"column":14},"end":{"line":102,"column":2}},"37":{"start":{"line":65,"column":28},"end":{"line":102,"column":2}},"38":{"start":{"line":66,"column":4},"end":{"line":66,"column":25}},"39":{"start":{"line":67,"column":18},"end":{"line":67,"column":32}},"40":{"start":{"line":68,"column":21},"end":{"line":68,"column":38}},"41":{"start":{"line":69,"column":4},"end":{"line":73,"column":5}},"42":{"start":{"line":70,"column":8},"end":{"line":72,"column":56}},"43":{"start":{"line":74,"column":4},"end":{"line":101,"column":5}},"44":{"start":{"line":76,"column":21},"end":{"line":76,"column":73}},"45":{"start":{"line":77,"column":8},"end":{"line":81,"column":9}},"46":{"start":{"line":78,"column":12},"end":{"line":80,"column":60}},"47":{"start":{"line":82,"column":22},"end":{"line":82,"column":77}},"48":{"start":{"line":83,"column":8},"end":{"line":87,"column":9}},"49":{"start":{"line":84,"column":12},"end":{"line":86,"column":60}},"50":{"start":{"line":89,"column":28},"end":{"line":89,"column":158}},"51":{"start":{"line":90,"column":29},"end":{"line":90,"column":119}},"52":{"start":{"line":91,"column":8},"end":{"line":91,"column":41}},"53":{"start":{"line":92,"column":8},"end":{"line":92,"column":26}},"54":{"start":{"line":93,"column":8},"end":{"line":97,"column":11}},"55":{"start":{"line":100,"column":8},"end":{"line":100,"column":100}},"56":{"start":{"line":109,"column":19},"end":{"line":146,"column":2}},"57":{"start":{"line":109,"column":33},"end":{"line":146,"column":2}},"58":{"start":{"line":110,"column":4},"end":{"line":110,"column":30}},"59":{"start":{"line":112,"column":16},"end":{"line":112,"column":44}},"60":{"start":{"line":113,"column":4},"end":{"line":115,"column":5}},"61":{"start":{"line":114,"column":8},"end":{"line":114,"column":73}},"62":{"start":{"line":116,"column":4},"end":{"line":116,"column":32}},"63":{"start":{"line":117,"column":4},"end":{"line":145,"column":8}},"64":{"start":{"line":117,"column":92},"end":{"line":145,"column":6}},"65":{"start":{"line":118,"column":8},"end":{"line":120,"column":9}},"66":{"start":{"line":119,"column":12},"end":{"line":119,"column":77}},"67":{"start":{"line":121,"column":8},"end":{"line":121,"column":30}},"68":{"start":{"line":122,"column":8},"end":{"line":144,"column":9}},"69":{"start":{"line":123,"column":26},"end":{"line":123,"column":76}},"70":{"start":{"line":124,"column":12},"end":{"line":124,"column":48}},"71":{"start":{"line":125,"column":12},"end":{"line":125,"column":36}},"72":{"start":{"line":126,"column":24},"end":{"line":126,"column":42}},"73":{"start":{"line":127,"column":12},"end":{"line":131,"column":13}},"74":{"start":{"line":128,"column":16},"end":{"line":128,"column":40}},"75":{"start":{"line":129,"column":16},"end":{"line":129,"column":35}},"76":{"start":{"line":130,"column":16},"end":{"line":130,"column":106}},"77":{"start":{"line":132,"column":32},"end":{"line":132,"column":154}},"78":{"start":{"line":133,"column":33},"end":{"line":133,"column":115}},"79":{"start":{"line":134,"column":12},"end":{"line":134,"column":46}},"80":{"start":{"line":135,"column":12},"end":{"line":135,"column":31}},"81":{"start":{"line":136,"column":12},"end":{"line":140,"column":15}},"82":{"start":{"line":143,"column":12},"end":{"line":143,"column":102}},"83":{"start":{"line":152,"column":13},"end":{"line":162,"column":2}},"84":{"start":{"line":152,"column":27},"end":{"line":162,"column":2}},"85":{"start":{"line":153,"column":4},"end":{"line":161,"column":5}},"86":{"start":{"line":154,"column":21},"end":{"line":154,"column":84}},"87":{"start":{"line":155,"column":8},"end":{"line":155,"column":37}},"88":{"start":{"line":156,"column":8},"end":{"line":156,"column":26}},"89":{"start":{"line":157,"column":8},"end":{"line":157,"column":81}},"90":{"start":{"line":160,"column":8},"end":{"line":160,"column":98}},"91":{"start":{"line":163,"column":0},"end":{"line":168,"column":2}}},"fnMap":{"0":{"name":"(anonymous_0)","decl":{"start":{"line":2,"column":44},"end":{"line":2,"column":45}},"loc":{"start":{"line":2,"column":89},"end":{"line":10,"column":1}},"line":2},"1":{"name":"adopt","decl":{"start":{"line":3,"column":13},"end":{"line":3,"column":18}},"loc":{"start":{"line":3,"column":26},"end":{"line":3,"column":112}},"line":3},"2":{"name":"(anonymous_2)","decl":{"start":{"line":3,"column":70},"end":{"line":3,"column":71}},"loc":{"start":{"line":3,"column":89},"end":{"line":3,"column":108}},"line":3},"3":{"name":"(anonymous_3)","decl":{"start":{"line":4,"column":36},"end":{"line":4,"column":37}},"loc":{"start":{"line":4,"column":63},"end":{"line":9,"column":5}},"line":4},"4":{"name":"fulfilled","decl":{"start":{"line":5,"column":17},"end":{"line":5,"column":26}},"loc":{"start":{"line":5,"column":34},"end":{"line":5,"column":99}},"line":5},"5":{"name":"rejected","decl":{"start":{"line":6,"column":17},"end":{"line":6,"column":25}},"loc":{"start":{"line":6,"column":33},"end":{"line":6,"column":102}},"line":6},"6":{"name":"step","decl":{"start":{"line":7,"column":17},"end":{"line":7,"column":21}},"loc":{"start":{"line":7,"column":30},"end":{"line":7,"column":118}},"line":7},"7":{"name":"(anonymous_7)","decl":{"start":{"line":11,"column":56},"end":{"line":11,"column":57}},"loc":{"start":{"line":11,"column":71},"end":{"line":13,"column":1}},"line":11},"8":{"name":"(anonymous_8)","decl":{"start":{"line":23,"column":17},"end":{"line":23,"column":18}},"loc":{"start":{"line":23,"column":31},"end":{"line":59,"column":2}},"line":23},"9":{"name":"(anonymous_9)","decl":{"start":{"line":23,"column":65},"end":{"line":23,"column":66}},"loc":{"start":{"line":23,"column":78},"end":{"line":59,"column":1}},"line":23},"10":{"name":"(anonymous_10)","decl":{"start":{"line":65,"column":14},"end":{"line":65,"column":15}},"loc":{"start":{"line":65,"column":28},"end":{"line":102,"column":2}},"line":65},"11":{"name":"(anonymous_11)","decl":{"start":{"line":65,"column":62},"end":{"line":65,"column":63}},"loc":{"start":{"line":65,"column":75},"end":{"line":102,"column":1}},"line":65},"12":{"name":"(anonymous_12)","decl":{"start":{"line":109,"column":19},"end":{"line":109,"column":20}},"loc":{"start":{"line":109,"column":33},"end":{"line":146,"column":2}},"line":109},"13":{"name":"(anonymous_13)","decl":{"start":{"line":109,"column":67},"end":{"line":109,"column":68}},"loc":{"start":{"line":109,"column":80},"end":{"line":146,"column":1}},"line":109},"14":{"name":"(anonymous_14)","decl":{"start":{"line":117,"column":75},"end":{"line":117,"column":76}},"loc":{"start":{"line":117,"column":92},"end":{"line":145,"column":6}},"line":117},"15":{"name":"(anonymous_15)","decl":{"start":{"line":117,"column":126},"end":{"line":117,"column":127}},"loc":{"start":{"line":117,"column":139},"end":{"line":145,"column":5}},"line":117},"16":{"name":"(anonymous_16)","decl":{"start":{"line":152,"column":13},"end":{"line":152,"column":14}},"loc":{"start":{"line":152,"column":27},"end":{"line":162,"column":2}},"line":152},"17":{"name":"(anonymous_17)","decl":{"start":{"line":152,"column":61},"end":{"line":152,"column":62}},"loc":{"start":{"line":152,"column":74},"end":{"line":162,"column":1}},"line":152}},"branchMap":{"0":{"loc":{"start":{"line":2,"column":16},"end":{"line":10,"column":1}},"type":"binary-expr","locations":[{"start":{"line":2,"column":17},"end":{"line":2,"column":21}},{"start":{"line":2,"column":25},"end":{"line":2,"column":39}},{"start":{"line":2,"column":44},"end":{"line":10,"column":1}}],"line":2},"1":{"loc":{"start":{"line":3,"column":35},"end":{"line":3,"column":109}},"type":"cond-expr","locations":[{"start":{"line":3,"column":56},"end":{"line":3,"column":61}},{"start":{"line":3,"column":64},"end":{"line":3,"column":109}}],"line":3},"2":{"loc":{"start":{"line":4,"column":16},"end":{"line":4,"column":34}},"type":"binary-expr","locations":[{"start":{"line":4,"column":16},"end":{"line":4,"column":17}},{"start":{"line":4,"column":22},"end":{"line":4,"column":33}}],"line":4},"3":{"loc":{"start":{"line":7,"column":32},"end":{"line":7,"column":115}},"type":"cond-expr","locations":[{"start":{"line":7,"column":46},"end":{"line":7,"column":67}},{"start":{"line":7,"column":70},"end":{"line":7,"column":115}}],"line":7},"4":{"loc":{"start":{"line":8,"column":51},"end":{"line":8,"column":67}},"type":"binary-expr","locations":[{"start":{"line":8,"column":51},"end":{"line":8,"column":61}},{"start":{"line":8,"column":65},"end":{"line":8,"column":67}}],"line":8},"5":{"loc":{"start":{"line":11,"column":22},"end":{"line":13,"column":1}},"type":"binary-expr","locations":[{"start":{"line":11,"column":23},"end":{"line":11,"column":27}},{"start":{"line":11,"column":31},"end":{"line":11,"column":51}},{"start":{"line":11,"column":56},"end":{"line":13,"column":1}}],"line":11},"6":{"loc":{"start":{"line":12,"column":11},"end":{"line":12,"column":61}},"type":"cond-expr","locations":[{"start":{"line":12,"column":37},"end":{"line":12,"column":40}},{"start":{"line":12,"column":43},"end":{"line":12,"column":61}}],"line":12},"7":{"loc":{"start":{"line":12,"column":12},"end":{"line":12,"column":33}},"type":"binary-expr","locations":[{"start":{"line":12,"column":12},"end":{"line":12,"column":15}},{"start":{"line":12,"column":19},"end":{"line":12,"column":33}}],"line":12},"8":{"loc":{"start":{"line":28,"column":4},"end":{"line":33,"column":5}},"type":"if","locations":[{"start":{"line":28,"column":4},"end":{"line":33,"column":5}},{"start":{},"end":{}}],"line":28},"9":{"loc":{"start":{"line":28,"column":8},"end":{"line":31,"column":29}},"type":"binary-expr","locations":[{"start":{"line":28,"column":8},"end":{"line":28,"column":21}},{"start":{"line":29,"column":8},"end":{"line":29,"column":26}},{"start":{"line":30,"column":8},"end":{"line":30,"column":24}},{"start":{"line":31,"column":8},"end":{"line":31,"column":29}}],"line":28},"10":{"loc":{"start":{"line":69,"column":4},"end":{"line":73,"column":5}},"type":"if","locations":[{"start":{"line":69,"column":4},"end":{"line":73,"column":5}},{"start":{},"end":{}}],"line":69},"11":{"loc":{"start":{"line":69,"column":8},"end":{"line":69,"column":41}},"type":"binary-expr","locations":[{"start":{"line":69,"column":8},"end":{"line":69,"column":21}},{"start":{"line":69,"column":25},"end":{"line":69,"column":41}}],"line":69},"12":{"loc":{"start":{"line":77,"column":8},"end":{"line":81,"column":9}},"type":"if","locations":[{"start":{"line":77,"column":8},"end":{"line":81,"column":9}},{"start":{},"end":{}}],"line":77},"13":{"loc":{"start":{"line":83,"column":8},"end":{"line":87,"column":9}},"type":"if","locations":[{"start":{"line":83,"column":8},"end":{"line":87,"column":9}},{"start":{},"end":{}}],"line":83},"14":{"loc":{"start":{"line":113,"column":4},"end":{"line":115,"column":5}},"type":"if","locations":[{"start":{"line":113,"column":4},"end":{"line":115,"column":5}},{"start":{},"end":{}}],"line":113},"15":{"loc":{"start":{"line":113,"column":8},"end":{"line":113,"column":43}},"type":"binary-expr","locations":[{"start":{"line":113,"column":8},"end":{"line":113,"column":26}},{"start":{"line":113,"column":30},"end":{"line":113,"column":43}}],"line":113},"16":{"loc":{"start":{"line":118,"column":8},"end":{"line":120,"column":9}},"type":"if","locations":[{"start":{"line":118,"column":8},"end":{"line":120,"column":9}},{"start":{},"end":{}}],"line":118},"17":{"loc":{"start":{"line":127,"column":12},"end":{"line":131,"column":13}},"type":"if","locations":[{"start":{"line":127,"column":12},"end":{"line":131,"column":13}},{"start":{},"end":{}}],"line":127}},"s":{"0":2,"1":25,"2":9,"3":9,"4":23,"5":23,"6":0,"7":2,"8":2,"9":0,"10":34,"11":9,"12":2,"13":6,"14":2,"15":2,"16":2,"17":2,"18":2,"19":3,"20":3,"21":3,"22":3,"23":3,"24":0,"25":3,"26":3,"27":3,"28":3,"29":3,"30":1,"31":1,"32":1,"33":1,"34":1,"35":2,"36":2,"37":3,"38":3,"39":3,"40":3,"41":3,"42":0,"43":3,"44":3,"45":3,"46":1,"47":2,"48":2,"49":1,"50":1,"51":1,"52":1,"53":1,"54":1,"55":0,"56":2,"57":1,"58":1,"59":1,"60":1,"61":0,"62":1,"63":1,"64":1,"65":1,"66":0,"67":1,"68":1,"69":1,"70":1,"71":1,"72":1,"73":1,"74":1,"75":1,"76":1,"77":0,"78":0,"79":0,"80":0,"81":0,"82":1,"83":2,"84":1,"85":1,"86":1,"87":1,"88":1,"89":1,"90":0,"91":2},"f":{"0":9,"1":25,"2":9,"3":9,"4":23,"5":2,"6":34,"7":6,"8":3,"9":3,"10":3,"11":3,"12":1,"13":1,"14":1,"15":1,"16":1,"17":1},"b":{"0":[2,2,2],"1":[16,9],"2":[9,9],"3":[9,25],"4":[9,9],"5":[2,2,2],"6":[0,6],"7":[6,6],"8":[0,3],"9":[3,3,3,3],"10":[0,3],"11":[3,3],"12":[1,2],"13":[1,1],"14":[0,1],"15":[1,1],"16":[0,1],"17":[1,0]},"inputSourceMap":null,"_coverageSchema":"1a1c01bbd47fc00a2c39e90264f33305004495a9","hash":"1c27b723ca206fd7e89ac5b925f5b9231be6f47a"}
,"/Users/menachi/Documents/web_class/sce-2022/dist/controllers/post.js": {"path":"/Users/menachi/Documents/web_class/sce-2022/dist/controllers/post.js","statementMap":{"0":{"start":{"line":2,"column":16},"end":{"line":10,"column":1}},"1":{"start":{"line":3,"column":28},"end":{"line":3,"column":110}},"2":{"start":{"line":3,"column":91},"end":{"line":3,"column":106}},"3":{"start":{"line":4,"column":4},"end":{"line":9,"column":7}},"4":{"start":{"line":5,"column":36},"end":{"line":5,"column":97}},"5":{"start":{"line":5,"column":42},"end":{"line":5,"column":70}},"6":{"start":{"line":5,"column":85},"end":{"line":5,"column":95}},"7":{"start":{"line":6,"column":35},"end":{"line":6,"column":100}},"8":{"start":{"line":6,"column":41},"end":{"line":6,"column":73}},"9":{"start":{"line":6,"column":88},"end":{"line":6,"column":98}},"10":{"start":{"line":7,"column":32},"end":{"line":7,"column":116}},"11":{"start":{"line":8,"column":8},"end":{"line":8,"column":78}},"12":{"start":{"line":11,"column":22},"end":{"line":13,"column":1}},"13":{"start":{"line":12,"column":4},"end":{"line":12,"column":62}},"14":{"start":{"line":14,"column":21},"end":{"line":14,"column":69}},"15":{"start":{"line":20,"column":20},"end":{"line":38,"column":2}},"16":{"start":{"line":20,"column":34},"end":{"line":38,"column":2}},"17":{"start":{"line":21,"column":4},"end":{"line":21,"column":31}},"18":{"start":{"line":22,"column":4},"end":{"line":37,"column":5}},"19":{"start":{"line":23,"column":23},"end":{"line":23,"column":39}},"20":{"start":{"line":25,"column":8},"end":{"line":30,"column":9}},"21":{"start":{"line":26,"column":12},"end":{"line":26,"column":72}},"22":{"start":{"line":29,"column":12},"end":{"line":29,"column":54}},"23":{"start":{"line":31,"column":8},"end":{"line":31,"column":36}},"24":{"start":{"line":34,"column":8},"end":{"line":36,"column":11}},"25":{"start":{"line":39,"column":20},"end":{"line":61,"column":2}},"26":{"start":{"line":39,"column":34},"end":{"line":61,"column":2}},"27":{"start":{"line":40,"column":4},"end":{"line":40,"column":51}},"28":{"start":{"line":41,"column":15},"end":{"line":41,"column":28}},"29":{"start":{"line":42,"column":4},"end":{"line":44,"column":5}},"30":{"start":{"line":43,"column":8},"end":{"line":43,"column":63}},"31":{"start":{"line":45,"column":4},"end":{"line":60,"column":5}},"32":{"start":{"line":46,"column":21},"end":{"line":46,"column":60}},"33":{"start":{"line":47,"column":8},"end":{"line":54,"column":9}},"34":{"start":{"line":48,"column":12},"end":{"line":50,"column":15}},"35":{"start":{"line":53,"column":12},"end":{"line":53,"column":39}},"36":{"start":{"line":57,"column":8},"end":{"line":59,"column":11}},"37":{"start":{"line":67,"column":22},"end":{"line":83,"column":2}},"38":{"start":{"line":67,"column":36},"end":{"line":83,"column":2}},"39":{"start":{"line":68,"column":4},"end":{"line":68,"column":26}},"40":{"start":{"line":69,"column":19},"end":{"line":69,"column":31}},"41":{"start":{"line":70,"column":17},"end":{"line":73,"column":6}},"42":{"start":{"line":74,"column":4},"end":{"line":82,"column":5}},"43":{"start":{"line":75,"column":24},"end":{"line":75,"column":41}},"44":{"start":{"line":76,"column":8},"end":{"line":76,"column":38}},"45":{"start":{"line":79,"column":8},"end":{"line":81,"column":11}},"46":{"start":{"line":84,"column":23},"end":{"line":99,"column":2}},"47":{"start":{"line":84,"column":37},"end":{"line":99,"column":2}},"48":{"start":{"line":85,"column":4},"end":{"line":85,"column":54}},"49":{"start":{"line":86,"column":15},"end":{"line":86,"column":28}},"50":{"start":{"line":87,"column":4},"end":{"line":89,"column":5}},"51":{"start":{"line":88,"column":8},"end":{"line":88,"column":63}},"52":{"start":{"line":90,"column":4},"end":{"line":98,"column":5}},"53":{"start":{"line":91,"column":8},"end":{"line":91,"column":58}},"54":{"start":{"line":92,"column":8},"end":{"line":92,"column":31}},"55":{"start":{"line":95,"column":8},"end":{"line":97,"column":11}},"56":{"start":{"line":100,"column":0},"end":{"line":105,"column":2}}},"fnMap":{"0":{"name":"(anonymous_0)","decl":{"start":{"line":2,"column":44},"end":{"line":2,"column":45}},"loc":{"start":{"line":2,"column":89},"end":{"line":10,"column":1}},"line":2},"1":{"name":"adopt","decl":{"start":{"line":3,"column":13},"end":{"line":3,"column":18}},"loc":{"start":{"line":3,"column":26},"end":{"line":3,"column":112}},"line":3},"2":{"name":"(anonymous_2)","decl":{"start":{"line":3,"column":70},"end":{"line":3,"column":71}},"loc":{"start":{"line":3,"column":89},"end":{"line":3,"column":108}},"line":3},"3":{"name":"(anonymous_3)","decl":{"start":{"line":4,"column":36},"end":{"line":4,"column":37}},"loc":{"start":{"line":4,"column":63},"end":{"line":9,"column":5}},"line":4},"4":{"name":"fulfilled","decl":{"start":{"line":5,"column":17},"end":{"line":5,"column":26}},"loc":{"start":{"line":5,"column":34},"end":{"line":5,"column":99}},"line":5},"5":{"name":"rejected","decl":{"start":{"line":6,"column":17},"end":{"line":6,"column":25}},"loc":{"start":{"line":6,"column":33},"end":{"line":6,"column":102}},"line":6},"6":{"name":"step","decl":{"start":{"line":7,"column":17},"end":{"line":7,"column":21}},"loc":{"start":{"line":7,"column":30},"end":{"line":7,"column":118}},"line":7},"7":{"name":"(anonymous_7)","decl":{"start":{"line":11,"column":56},"end":{"line":11,"column":57}},"loc":{"start":{"line":11,"column":71},"end":{"line":13,"column":1}},"line":11},"8":{"name":"(anonymous_8)","decl":{"start":{"line":20,"column":20},"end":{"line":20,"column":21}},"loc":{"start":{"line":20,"column":34},"end":{"line":38,"column":2}},"line":20},"9":{"name":"(anonymous_9)","decl":{"start":{"line":20,"column":68},"end":{"line":20,"column":69}},"loc":{"start":{"line":20,"column":81},"end":{"line":38,"column":1}},"line":20},"10":{"name":"(anonymous_10)","decl":{"start":{"line":39,"column":20},"end":{"line":39,"column":21}},"loc":{"start":{"line":39,"column":34},"end":{"line":61,"column":2}},"line":39},"11":{"name":"(anonymous_11)","decl":{"start":{"line":39,"column":68},"end":{"line":39,"column":69}},"loc":{"start":{"line":39,"column":81},"end":{"line":61,"column":1}},"line":39},"12":{"name":"(anonymous_12)","decl":{"start":{"line":67,"column":22},"end":{"line":67,"column":23}},"loc":{"start":{"line":67,"column":36},"end":{"line":83,"column":2}},"line":67},"13":{"name":"(anonymous_13)","decl":{"start":{"line":67,"column":70},"end":{"line":67,"column":71}},"loc":{"start":{"line":67,"column":83},"end":{"line":83,"column":1}},"line":67},"14":{"name":"(anonymous_14)","decl":{"start":{"line":84,"column":23},"end":{"line":84,"column":24}},"loc":{"start":{"line":84,"column":37},"end":{"line":99,"column":2}},"line":84},"15":{"name":"(anonymous_15)","decl":{"start":{"line":84,"column":71},"end":{"line":84,"column":72}},"loc":{"start":{"line":84,"column":84},"end":{"line":99,"column":1}},"line":84}},"branchMap":{"0":{"loc":{"start":{"line":2,"column":16},"end":{"line":10,"column":1}},"type":"binary-expr","locations":[{"start":{"line":2,"column":17},"end":{"line":2,"column":21}},{"start":{"line":2,"column":25},"end":{"line":2,"column":39}},{"start":{"line":2,"column":44},"end":{"line":10,"column":1}}],"line":2},"1":{"loc":{"start":{"line":3,"column":35},"end":{"line":3,"column":109}},"type":"cond-expr","locations":[{"start":{"line":3,"column":56},"end":{"line":3,"column":61}},{"start":{"line":3,"column":64},"end":{"line":3,"column":109}}],"line":3},"2":{"loc":{"start":{"line":4,"column":16},"end":{"line":4,"column":34}},"type":"binary-expr","locations":[{"start":{"line":4,"column":16},"end":{"line":4,"column":17}},{"start":{"line":4,"column":22},"end":{"line":4,"column":33}}],"line":4},"3":{"loc":{"start":{"line":7,"column":32},"end":{"line":7,"column":115}},"type":"cond-expr","locations":[{"start":{"line":7,"column":46},"end":{"line":7,"column":67}},{"start":{"line":7,"column":70},"end":{"line":7,"column":115}}],"line":7},"4":{"loc":{"start":{"line":8,"column":51},"end":{"line":8,"column":67}},"type":"binary-expr","locations":[{"start":{"line":8,"column":51},"end":{"line":8,"column":61}},{"start":{"line":8,"column":65},"end":{"line":8,"column":67}}],"line":8},"5":{"loc":{"start":{"line":11,"column":22},"end":{"line":13,"column":1}},"type":"binary-expr","locations":[{"start":{"line":11,"column":23},"end":{"line":11,"column":27}},{"start":{"line":11,"column":31},"end":{"line":11,"column":51}},{"start":{"line":11,"column":56},"end":{"line":13,"column":1}}],"line":11},"6":{"loc":{"start":{"line":12,"column":11},"end":{"line":12,"column":61}},"type":"cond-expr","locations":[{"start":{"line":12,"column":37},"end":{"line":12,"column":40}},{"start":{"line":12,"column":43},"end":{"line":12,"column":61}}],"line":12},"7":{"loc":{"start":{"line":12,"column":12},"end":{"line":12,"column":33}},"type":"binary-expr","locations":[{"start":{"line":12,"column":12},"end":{"line":12,"column":15}},{"start":{"line":12,"column":19},"end":{"line":12,"column":33}}],"line":12},"8":{"loc":{"start":{"line":25,"column":8},"end":{"line":30,"column":9}},"type":"if","locations":[{"start":{"line":25,"column":8},"end":{"line":30,"column":9}},{"start":{"line":28,"column":13},"end":{"line":30,"column":9}}],"line":25},"9":{"loc":{"start":{"line":25,"column":12},"end":{"line":25,"column":49}},"type":"binary-expr","locations":[{"start":{"line":25,"column":12},"end":{"line":25,"column":26}},{"start":{"line":25,"column":30},"end":{"line":25,"column":49}}],"line":25},"10":{"loc":{"start":{"line":42,"column":4},"end":{"line":44,"column":5}},"type":"if","locations":[{"start":{"line":42,"column":4},"end":{"line":44,"column":5}},{"start":{},"end":{}}],"line":42},"11":{"loc":{"start":{"line":42,"column":8},"end":{"line":42,"column":37}},"type":"binary-expr","locations":[{"start":{"line":42,"column":8},"end":{"line":42,"column":18}},{"start":{"line":42,"column":22},"end":{"line":42,"column":37}}],"line":42},"12":{"loc":{"start":{"line":47,"column":8},"end":{"line":54,"column":9}},"type":"if","locations":[{"start":{"line":47,"column":8},"end":{"line":54,"column":9}},{"start":{"line":52,"column":13},"end":{"line":54,"column":9}}],"line":47},"13":{"loc":{"start":{"line":87,"column":4},"end":{"line":89,"column":5}},"type":"if","locations":[{"start":{"line":87,"column":4},"end":{"line":89,"column":5}},{"start":{},"end":{}}],"line":87},"14":{"loc":{"start":{"line":87,"column":8},"end":{"line":87,"column":37}},"type":"binary-expr","locations":[{"start":{"line":87,"column":8},"end":{"line":87,"column":18}},{"start":{"line":87,"column":22},"end":{"line":87,"column":37}}],"line":87}},"s":{"0":2,"1":6,"2":5,"3":6,"4":6,"5":6,"6":0,"7":0,"8":0,"9":0,"10":12,"11":6,"12":2,"13":2,"14":2,"15":2,"16":2,"17":2,"18":2,"19":2,"20":2,"21":1,"22":1,"23":2,"24":0,"25":2,"26":2,"27":2,"28":2,"29":2,"30":0,"31":2,"32":2,"33":2,"34":1,"35":1,"36":0,"37":2,"38":1,"39":1,"40":1,"41":1,"42":1,"43":1,"44":1,"45":0,"46":2,"47":1,"48":1,"49":1,"50":1,"51":0,"52":1,"53":1,"54":1,"55":0,"56":2},"f":{"0":6,"1":6,"2":5,"3":6,"4":6,"5":0,"6":12,"7":2,"8":2,"9":2,"10":2,"11":2,"12":1,"13":1,"14":1,"15":1},"b":{"0":[2,2,2],"1":[1,5],"2":[6,6],"3":[6,6],"4":[6,6],"5":[2,2,2],"6":[0,2],"7":[2,2],"8":[1,1],"9":[2,1],"10":[0,2],"11":[2,2],"12":[1,1],"13":[0,1],"14":[1,1]},"inputSourceMap":null,"_coverageSchema":"1a1c01bbd47fc00a2c39e90264f33305004495a9","hash":"e7a1ff1feeb20abdc955bff59f6311be3d630e68"}
,"/Users/menachi/Documents/web_class/sce-2022/dist/models/post_model.js": {"path":"/Users/menachi/Documents/web_class/sce-2022/dist/models/post_model.js","statementMap":{"0":{"start":{"line":2,"column":22},"end":{"line":4,"column":1}},"1":{"start":{"line":3,"column":4},"end":{"line":3,"column":62}},"2":{"start":{"line":5,"column":19},"end":{"line":5,"column":55}},"3":{"start":{"line":6,"column":19},"end":{"line":15,"column":2}},"4":{"start":{"line":16,"column":0},"end":{"line":16,"column":62}}},"fnMap":{"0":{"name":"(anonymous_0)","decl":{"start":{"line":2,"column":56},"end":{"line":2,"column":57}},"loc":{"start":{"line":2,"column":71},"end":{"line":4,"column":1}},"line":2}},"branchMap":{"0":{"loc":{"start":{"line":2,"column":22},"end":{"line":4,"column":1}},"type":"binary-expr","locations":[{"start":{"line":2,"column":23},"end":{"line":2,"column":27}},{"start":{"line":2,"column":31},"end":{"line":2,"column":51}},{"start":{"line":2,"column":56},"end":{"line":4,"column":1}}],"line":2},"1":{"loc":{"start":{"line":3,"column":11},"end":{"line":3,"column":61}},"type":"cond-expr","locations":[{"start":{"line":3,"column":37},"end":{"line":3,"column":40}},{"start":{"line":3,"column":43},"end":{"line":3,"column":61}}],"line":3},"2":{"loc":{"start":{"line":3,"column":12},"end":{"line":3,"column":33}},"type":"binary-expr","locations":[{"start":{"line":3,"column":12},"end":{"line":3,"column":15}},{"start":{"line":3,"column":19},"end":{"line":3,"column":33}}],"line":3}},"s":{"0":2,"1":2,"2":2,"3":2,"4":2},"f":{"0":2},"b":{"0":[2,2,2],"1":[0,2],"2":[2,2]},"inputSourceMap":null,"_coverageSchema":"1a1c01bbd47fc00a2c39e90264f33305004495a9","hash":"8483626682172d88e429d63be88043ce1fde265c"}
,"/Users/menachi/Documents/web_class/sce-2022/dist/models/user_model.js": {"path":"/Users/menachi/Documents/web_class/sce-2022/dist/models/user_model.js","statementMap":{"0":{"start":{"line":2,"column":22},"end":{"line":4,"column":1}},"1":{"start":{"line":3,"column":4},"end":{"line":3,"column":62}},"2":{"start":{"line":5,"column":19},"end":{"line":5,"column":55}},"3":{"start":{"line":6,"column":19},"end":{"line":19,"column":2}},"4":{"start":{"line":20,"column":0},"end":{"line":20,"column":62}}},"fnMap":{"0":{"name":"(anonymous_0)","decl":{"start":{"line":2,"column":56},"end":{"line":2,"column":57}},"loc":{"start":{"line":2,"column":71},"end":{"line":4,"column":1}},"line":2}},"branchMap":{"0":{"loc":{"start":{"line":2,"column":22},"end":{"line":4,"column":1}},"type":"binary-expr","locations":[{"start":{"line":2,"column":23},"end":{"line":2,"column":27}},{"start":{"line":2,"column":31},"end":{"line":2,"column":51}},{"start":{"line":2,"column":56},"end":{"line":4,"column":1}}],"line":2},"1":{"loc":{"start":{"line":3,"column":11},"end":{"line":3,"column":61}},"type":"cond-expr","locations":[{"start":{"line":3,"column":37},"end":{"line":3,"column":40}},{"start":{"line":3,"column":43},"end":{"line":3,"column":61}}],"line":3},"2":{"loc":{"start":{"line":3,"column":12},"end":{"line":3,"column":33}},"type":"binary-expr","locations":[{"start":{"line":3,"column":12},"end":{"line":3,"column":15}},{"start":{"line":3,"column":19},"end":{"line":3,"column":33}}],"line":3}},"s":{"0":2,"1":2,"2":2,"3":2,"4":2},"f":{"0":2},"b":{"0":[2,2,2],"1":[0,2],"2":[2,2]},"inputSourceMap":null,"_coverageSchema":"1a1c01bbd47fc00a2c39e90264f33305004495a9","hash":"f210bb32fddab282e957fde533d56997854deab7"}
,"/Users/menachi/Documents/web_class/sce-2022/dist/routes/auth_routes.js": {"path":"/Users/menachi/Documents/web_class/sce-2022/dist/routes/auth_routes.js","statementMap":{"0":{"start":{"line":2,"column":22},"end":{"line":4,"column":1}},"1":{"start":{"line":3,"column":4},"end":{"line":3,"column":62}},"2":{"start":{"line":5,"column":18},"end":{"line":5,"column":53}},"3":{"start":{"line":6,"column":15},"end":{"line":6,"column":41}},"4":{"start":{"line":7,"column":15},"end":{"line":7,"column":62}},"5":{"start":{"line":8,"column":26},"end":{"line":8,"column":79}},"6":{"start":{"line":77,"column":0},"end":{"line":77,"column":50}},"7":{"start":{"line":78,"column":0},"end":{"line":78,"column":44}},"8":{"start":{"line":79,"column":0},"end":{"line":79,"column":51}},"9":{"start":{"line":80,"column":0},"end":{"line":80,"column":68}},"10":{"start":{"line":81,"column":0},"end":{"line":81,"column":42}},"11":{"start":{"line":82,"column":0},"end":{"line":82,"column":24}}},"fnMap":{"0":{"name":"(anonymous_0)","decl":{"start":{"line":2,"column":56},"end":{"line":2,"column":57}},"loc":{"start":{"line":2,"column":71},"end":{"line":4,"column":1}},"line":2}},"branchMap":{"0":{"loc":{"start":{"line":2,"column":22},"end":{"line":4,"column":1}},"type":"binary-expr","locations":[{"start":{"line":2,"column":23},"end":{"line":2,"column":27}},{"start":{"line":2,"column":31},"end":{"line":2,"column":51}},{"start":{"line":2,"column":56},"end":{"line":4,"column":1}}],"line":2},"1":{"loc":{"start":{"line":3,"column":11},"end":{"line":3,"column":61}},"type":"cond-expr","locations":[{"start":{"line":3,"column":37},"end":{"line":3,"column":40}},{"start":{"line":3,"column":43},"end":{"line":3,"column":61}}],"line":3},"2":{"loc":{"start":{"line":3,"column":12},"end":{"line":3,"column":33}},"type":"binary-expr","locations":[{"start":{"line":3,"column":12},"end":{"line":3,"column":15}},{"start":{"line":3,"column":19},"end":{"line":3,"column":33}}],"line":3}},"s":{"0":2,"1":6,"2":2,"3":2,"4":2,"5":2,"6":2,"7":2,"8":2,"9":2,"10":2,"11":2},"f":{"0":6},"b":{"0":[2,2,2],"1":[0,6],"2":[6,6]},"inputSourceMap":null,"_coverageSchema":"1a1c01bbd47fc00a2c39e90264f33305004495a9","hash":"14df77aacefef1a173088d420542412fa5cd1cfd"}
,"/Users/menachi/Documents/web_class/sce-2022/dist/routes/post_routes.js": {"path":"/Users/menachi/Documents/web_class/sce-2022/dist/routes/post_routes.js","statementMap":{"0":{"start":{"line":2,"column":22},"end":{"line":4,"column":1}},"1":{"start":{"line":3,"column":4},"end":{"line":3,"column":62}},"2":{"start":{"line":5,"column":18},"end":{"line":5,"column":53}},"3":{"start":{"line":6,"column":15},"end":{"line":6,"column":41}},"4":{"start":{"line":7,"column":15},"end":{"line":7,"column":62}},"5":{"start":{"line":8,"column":26},"end":{"line":8,"column":79}},"6":{"start":{"line":9,"column":0},"end":{"line":9,"column":44}},"7":{"start":{"line":10,"column":0},"end":{"line":10,"column":74}},"8":{"start":{"line":11,"column":0},"end":{"line":11,"column":47}},"9":{"start":{"line":12,"column":0},"end":{"line":12,"column":80}},"10":{"start":{"line":13,"column":0},"end":{"line":13,"column":24}}},"fnMap":{"0":{"name":"(anonymous_0)","decl":{"start":{"line":2,"column":56},"end":{"line":2,"column":57}},"loc":{"start":{"line":2,"column":71},"end":{"line":4,"column":1}},"line":2}},"branchMap":{"0":{"loc":{"start":{"line":2,"column":22},"end":{"line":4,"column":1}},"type":"binary-expr","locations":[{"start":{"line":2,"column":23},"end":{"line":2,"column":27}},{"start":{"line":2,"column":31},"end":{"line":2,"column":51}},{"start":{"line":2,"column":56},"end":{"line":4,"column":1}}],"line":2},"1":{"loc":{"start":{"line":3,"column":11},"end":{"line":3,"column":61}},"type":"cond-expr","locations":[{"start":{"line":3,"column":37},"end":{"line":3,"column":40}},{"start":{"line":3,"column":43},"end":{"line":3,"column":61}}],"line":3},"2":{"loc":{"start":{"line":3,"column":12},"end":{"line":3,"column":33}},"type":"binary-expr","locations":[{"start":{"line":3,"column":12},"end":{"line":3,"column":15}},{"start":{"line":3,"column":19},"end":{"line":3,"column":33}}],"line":3}},"s":{"0":2,"1":6,"2":2,"3":2,"4":2,"5":2,"6":2,"7":2,"8":2,"9":2,"10":2},"f":{"0":6},"b":{"0":[2,2,2],"1":[0,6],"2":[6,6]},"inputSourceMap":null,"_coverageSchema":"1a1c01bbd47fc00a2c39e90264f33305004495a9","hash":"cc045ec86e391e850d6babfe87e2af634e4cf6bc"}
,"/Users/menachi/Documents/web_class/sce-2022/src/server.ts": {"path":"/Users/menachi/Documents/web_class/sce-2022/src/server.ts","statementMap":{"0":{"start":{"line":1,"column":0},"end":{"line":1,"column":30}},"1":{"start":{"line":2,"column":12},"end":{"line":2,"column":21}},"2":{"start":{"line":3,"column":0},"end":{"line":3,"column":28}},"3":{"start":{"line":4,"column":0},"end":{"line":4,"column":16}},"4":{"start":{"line":6,"column":0},"end":{"line":6,"column":37}},"5":{"start":{"line":8,"column":0},"end":{"line":8,"column":32}},"6":{"start":{"line":9,"column":0},"end":{"line":9,"column":43}},"7":{"start":{"line":11,"column":11},"end":{"line":11,"column":30}},"8":{"start":{"line":12,"column":0},"end":{"line":14,"column":3}},"9":{"start":{"line":13,"column":2},"end":{"line":13,"column":23}},"10":{"start":{"line":15,"column":0},"end":{"line":17,"column":3}},"11":{"start":{"line":16,"column":2},"end":{"line":16,"column":36}},"12":{"start":{"line":19,"column":0},"end":{"line":19,"column":37}},"13":{"start":{"line":20,"column":0},"end":{"line":20,"column":65}},"14":{"start":{"line":21,"column":0},"end":{"line":21,"column":27}},"15":{"start":{"line":23,"column":0},"end":{"line":23,"column":47}},"16":{"start":{"line":24,"column":0},"end":{"line":24,"column":30}},"17":{"start":{"line":26,"column":0},"end":{"line":26,"column":47}},"18":{"start":{"line":27,"column":0},"end":{"line":27,"column":30}},"19":{"start":{"line":29,"column":0},"end":{"line":29,"column":43}},"20":{"start":{"line":30,"column":0},"end":{"line":30,"column":41}},"21":{"start":{"line":32,"column":0},"end":{"line":47,"column":null}},"22":{"start":{"line":33,"column":18},"end":{"line":44,"column":4}},"23":{"start":{"line":45,"column":16},"end":{"line":45,"column":37}},"24":{"start":{"line":46,"column":2},"end":{"line":46,"column":64}},"25":{"start":{"line":48,"column":0},"end":{"line":48,"column":13}}},"fnMap":{"0":{"name":"(anonymous_1)","decl":{"start":{"line":12,"column":15},"end":{"line":12,"column":16}},"loc":{"start":{"line":12,"column":25},"end":{"line":14,"column":1}}},"1":{"name":"(anonymous_2)","decl":{"start":{"line":15,"column":16},"end":{"line":15,"column":19}},"loc":{"start":{"line":15,"column":21},"end":{"line":17,"column":1}}}},"branchMap":{"0":{"loc":{"start":{"line":32,"column":0},"end":{"line":47,"column":null}},"type":"if","locations":[{"start":{"line":32,"column":0},"end":{"line":47,"column":null}}]}},"s":{"0":2,"1":2,"2":2,"3":2,"4":2,"5":2,"6":2,"7":2,"8":2,"9":0,"10":2,"11":2,"12":2,"13":2,"14":2,"15":2,"16":2,"17":2,"18":2,"19":2,"20":2,"21":2,"22":0,"23":0,"24":0,"25":2},"f":{"0":0,"1":2},"b":{"0":[0]}}
,"/Users/menachi/Documents/web_class/sce-2022/src/common/auth_middleware.ts": {"path":"/Users/menachi/Documents/web_class/sce-2022/src/common/auth_middleware.ts","statementMap":{"0":{"start":{"line":2,"column":0},"end":{"line":2,"column":30}},"1":{"start":{"line":3,"column":0},"end":{"line":3,"column":47}},"2":{"start":{"line":5,"column":23},"end":{"line":18,"column":null}},"3":{"start":{"line":5,"column":80},"end":{"line":18,"column":null}},"4":{"start":{"line":6,"column":16},"end":{"line":6,"column":44}},"5":{"start":{"line":7,"column":4},"end":{"line":9,"column":null}},"6":{"start":{"line":8,"column":8},"end":{"line":8,"column":null}},"7":{"start":{"line":10,"column":4},"end":{"line":10,"column":null}},"8":{"start":{"line":11,"column":4},"end":{"line":17,"column":null}},"9":{"start":{"line":12,"column":8},"end":{"line":14,"column":null}},"10":{"start":{"line":13,"column":12},"end":{"line":13,"column":null}},"11":{"start":{"line":15,"column":8},"end":{"line":15,"column":null}},"12":{"start":{"line":16,"column":8},"end":{"line":16,"column":null}},"13":{"start":{"line":20,"column":0},"end":{"line":20,"column":null}}},"fnMap":{"0":{"name":"(anonymous_8)","decl":{"start":{"line":5,"column":23},"end":{"line":5,"column":30}},"loc":{"start":{"line":5,"column":80},"end":{"line":18,"column":null}}},"1":{"name":"(anonymous_9)","decl":{"start":{"line":5,"column":80},"end":{"line":5,"column":null}},"loc":{"start":{"line":5,"column":80},"end":{"line":18,"column":1}}},"2":{"name":"(anonymous_10)","decl":{"start":{"line":11,"column":53},"end":{"line":11,"column":54}},"loc":{"start":{"line":11,"column":67},"end":{"line":17,"column":5}}}},"branchMap":{"0":{"loc":{"start":{"line":7,"column":4},"end":{"line":9,"column":null}},"type":"if","locations":[{"start":{"line":7,"column":4},"end":{"line":9,"column":null}}]},"1":{"loc":{"start":{"line":7,"column":8},"end":{"line":7,"column":43}},"type":"binary-expr","locations":[{"start":{"line":7,"column":8},"end":{"line":7,"column":26}},{"start":{"line":7,"column":30},"end":{"line":7,"column":43}}]},"2":{"loc":{"start":{"line":12,"column":8},"end":{"line":14,"column":null}},"type":"if","locations":[{"start":{"line":12,"column":8},"end":{"line":14,"column":null}}]}},"s":{"0":2,"1":2,"2":2,"3":4,"4":4,"5":4,"6":0,"7":4,"8":4,"9":4,"10":0,"11":4,"12":4,"13":2},"f":{"0":4,"1":4,"2":4},"b":{"0":[0],"1":[4,4],"2":[0]}}
,"/Users/menachi/Documents/web_class/sce-2022/src/controllers/auth.ts": {"path":"/Users/menachi/Documents/web_class/sce-2022/src/controllers/auth.ts","statementMap":{"0":{"start":{"line":1,"column":0},"end":{"line":1,"column":40}},"1":{"start":{"line":3,"column":0},"end":{"line":3,"column":48}},"2":{"start":{"line":4,"column":0},"end":{"line":4,"column":28}},"3":{"start":{"line":5,"column":0},"end":{"line":5,"column":31}},"4":{"start":{"line":12,"column":17},"end":{"line":60,"column":2}},"5":{"start":{"line":12,"column":55},"end":{"line":60,"column":2}},"6":{"start":{"line":13,"column":2},"end":{"line":13,"column":26}},"7":{"start":{"line":15,"column":16},"end":{"line":15,"column":30}},"8":{"start":{"line":16,"column":19},"end":{"line":16,"column":36}},"9":{"start":{"line":18,"column":2},"end":{"line":25,"column":null}},"10":{"start":{"line":24,"column":4},"end":{"line":24,"column":40}},"11":{"start":{"line":28,"column":15},"end":{"line":28,"column":39}},"12":{"start":{"line":29,"column":28},"end":{"line":29,"column":61}},"13":{"start":{"line":33,"column":15},"end":{"line":36,"column":4}},"14":{"start":{"line":37,"column":2},"end":{"line":59,"column":null}},"15":{"start":{"line":38,"column":20},"end":{"line":38,"column":37}},"16":{"start":{"line":40,"column":24},"end":{"line":43,"column":null}},"17":{"start":{"line":45,"column":25},"end":{"line":48,"column":null}},"18":{"start":{"line":50,"column":4},"end":{"line":50,"column":40}},"19":{"start":{"line":51,"column":4},"end":{"line":51,"column":25}},"20":{"start":{"line":52,"column":4},"end":{"line":56,"column":7}},"21":{"start":{"line":58,"column":4},"end":{"line":58,"column":76}},"22":{"start":{"line":67,"column":14},"end":{"line":114,"column":2}},"23":{"start":{"line":67,"column":52},"end":{"line":114,"column":2}},"24":{"start":{"line":68,"column":2},"end":{"line":68,"column":23}},"25":{"start":{"line":69,"column":16},"end":{"line":69,"column":30}},"26":{"start":{"line":70,"column":19},"end":{"line":70,"column":36}},"27":{"start":{"line":71,"column":2},"end":{"line":75,"column":null}},"28":{"start":{"line":72,"column":4},"end":{"line":74,"column":50}},"29":{"start":{"line":77,"column":2},"end":{"line":113,"column":null}},"30":{"start":{"line":79,"column":17},"end":{"line":79,"column":53}},"31":{"start":{"line":80,"column":4},"end":{"line":84,"column":null}},"32":{"start":{"line":81,"column":6},"end":{"line":83,"column":52}},"33":{"start":{"line":86,"column":18},"end":{"line":86,"column":63}},"34":{"start":{"line":87,"column":4},"end":{"line":91,"column":null}},"35":{"start":{"line":88,"column":6},"end":{"line":90,"column":52}},"36":{"start":{"line":94,"column":24},"end":{"line":97,"column":null}},"37":{"start":{"line":99,"column":25},"end":{"line":102,"column":null}},"38":{"start":{"line":104,"column":4},"end":{"line":104,"column":37}},"39":{"start":{"line":105,"column":4},"end":{"line":105,"column":22}},"40":{"start":{"line":106,"column":4},"end":{"line":110,"column":7}},"41":{"start":{"line":112,"column":4},"end":{"line":112,"column":76}},"42":{"start":{"line":122,"column":19},"end":{"line":167,"column":2}},"43":{"start":{"line":122,"column":57},"end":{"line":167,"column":2}},"44":{"start":{"line":123,"column":2},"end":{"line":123,"column":28}},"45":{"start":{"line":125,"column":14},"end":{"line":125,"column":42}},"46":{"start":{"line":126,"column":2},"end":{"line":128,"column":null}},"47":{"start":{"line":127,"column":4},"end":{"line":127,"column":49}},"48":{"start":{"line":129,"column":2},"end":{"line":129,"column":30}},"49":{"start":{"line":130,"column":2},"end":{"line":166,"column":5}},"50":{"start":{"line":130,"column":76},"end":{"line":166,"column":4}},"51":{"start":{"line":131,"column":4},"end":{"line":133,"column":null}},"52":{"start":{"line":132,"column":6},"end":{"line":132,"column":51}},"53":{"start":{"line":134,"column":4},"end":{"line":134,"column":26}},"54":{"start":{"line":136,"column":4},"end":{"line":165,"column":null}},"55":{"start":{"line":137,"column":20},"end":{"line":137,"column":54}},"56":{"start":{"line":138,"column":6},"end":{"line":138,"column":null}},"57":{"start":{"line":139,"column":6},"end":{"line":139,"column":null}},"58":{"start":{"line":140,"column":18},"end":{"line":140,"column":36}},"59":{"start":{"line":141,"column":6},"end":{"line":145,"column":null}},"60":{"start":{"line":142,"column":8},"end":{"line":142,"column":32}},"61":{"start":{"line":143,"column":8},"end":{"line":143,"column":27}},"62":{"start":{"line":144,"column":8},"end":{"line":144,"column":78}},"63":{"start":{"line":146,"column":26},"end":{"line":149,"column":null}},"64":{"start":{"line":151,"column":27},"end":{"line":154,"column":null}},"65":{"start":{"line":156,"column":6},"end":{"line":156,"column":40}},"66":{"start":{"line":157,"column":6},"end":{"line":157,"column":25}},"67":{"start":{"line":158,"column":6},"end":{"line":162,"column":9}},"68":{"start":{"line":164,"column":6},"end":{"line":164,"column":76}},"69":{"start":{"line":174,"column":13},"end":{"line":184,"column":2}},"70":{"start":{"line":174,"column":51},"end":{"line":184,"column":2}},"71":{"start":{"line":175,"column":2},"end":{"line":183,"column":null}},"72":{"start":{"line":176,"column":17},"end":{"line":176,"column":64}},"73":{"start":{"line":177,"column":4},"end":{"line":177,"column":null}},"74":{"start":{"line":178,"column":4},"end":{"line":178,"column":null}},"75":{"start":{"line":179,"column":4},"end":{"line":179,"column":54}},"76":{"start":{"line":182,"column":4},"end":{"line":182,"column":74}},"77":{"start":{"line":186,"column":0},"end":{"line":191,"column":2}}},"fnMap":{"0":{"name":"(anonymous_8)","decl":{"start":{"line":12,"column":17},"end":{"line":12,"column":24}},"loc":{"start":{"line":12,"column":55},"end":{"line":60,"column":2}}},"1":{"name":"(anonymous_9)","decl":{"start":{"line":12,"column":55},"end":{"line":12,"column":null}},"loc":{"start":{"line":12,"column":55},"end":{"line":60,"column":1}}},"2":{"name":"(anonymous_10)","decl":{"start":{"line":67,"column":14},"end":{"line":67,"column":21}},"loc":{"start":{"line":67,"column":52},"end":{"line":114,"column":2}}},"3":{"name":"(anonymous_11)","decl":{"start":{"line":67,"column":52},"end":{"line":67,"column":null}},"loc":{"start":{"line":67,"column":52},"end":{"line":114,"column":1}}},"4":{"name":"(anonymous_12)","decl":{"start":{"line":122,"column":19},"end":{"line":122,"column":26}},"loc":{"start":{"line":122,"column":57},"end":{"line":167,"column":2}}},"5":{"name":"(anonymous_13)","decl":{"start":{"line":122,"column":57},"end":{"line":122,"column":null}},"loc":{"start":{"line":122,"column":57},"end":{"line":167,"column":1}}},"6":{"name":"(anonymous_14)","decl":{"start":{"line":130,"column":54},"end":{"line":130,"column":61}},"loc":{"start":{"line":130,"column":76},"end":{"line":166,"column":4}}},"7":{"name":"(anonymous_15)","decl":{"start":{"line":130,"column":76},"end":{"line":130,"column":null}},"loc":{"start":{"line":130,"column":76},"end":{"line":166,"column":3}}},"8":{"name":"(anonymous_16)","decl":{"start":{"line":174,"column":13},"end":{"line":174,"column":20}},"loc":{"start":{"line":174,"column":51},"end":{"line":184,"column":2}}},"9":{"name":"(anonymous_17)","decl":{"start":{"line":174,"column":51},"end":{"line":174,"column":null}},"loc":{"start":{"line":174,"column":51},"end":{"line":184,"column":1}}}},"branchMap":{"0":{"loc":{"start":{"line":18,"column":2},"end":{"line":25,"column":null}},"type":"if","locations":[{"start":{"line":18,"column":2},"end":{"line":25,"column":null}}]},"1":{"loc":{"start":{"line":19,"column":4},"end":{"line":22,"column":25}},"type":"binary-expr","locations":[{"start":{"line":19,"column":4},"end":{"line":19,"column":17}},{"start":{"line":20,"column":4},"end":{"line":20,"column":22}},{"start":{"line":21,"column":4},"end":{"line":21,"column":20}},{"start":{"line":22,"column":4},"end":{"line":22,"column":25}}]},"2":{"loc":{"start":{"line":71,"column":2},"end":{"line":75,"column":null}},"type":"if","locations":[{"start":{"line":71,"column":2},"end":{"line":75,"column":null}}]},"3":{"loc":{"start":{"line":71,"column":6},"end":{"line":71,"column":39}},"type":"binary-expr","locations":[{"start":{"line":71,"column":6},"end":{"line":71,"column":19}},{"start":{"line":71,"column":23},"end":{"line":71,"column":39}}]},"4":{"loc":{"start":{"line":80,"column":4},"end":{"line":84,"column":null}},"type":"if","locations":[{"start":{"line":80,"column":4},"end":{"line":84,"column":null}}]},"5":{"loc":{"start":{"line":87,"column":4},"end":{"line":91,"column":null}},"type":"if","locations":[{"start":{"line":87,"column":4},"end":{"line":91,"column":null}}]},"6":{"loc":{"start":{"line":126,"column":2},"end":{"line":128,"column":null}},"type":"if","locations":[{"start":{"line":126,"column":2},"end":{"line":128,"column":null}}]},"7":{"loc":{"start":{"line":126,"column":6},"end":{"line":126,"column":41}},"type":"binary-expr","locations":[{"start":{"line":126,"column":6},"end":{"line":126,"column":24}},{"start":{"line":126,"column":28},"end":{"line":126,"column":41}}]},"8":{"loc":{"start":{"line":131,"column":4},"end":{"line":133,"column":null}},"type":"if","locations":[{"start":{"line":131,"column":4},"end":{"line":133,"column":null}}]},"9":{"loc":{"start":{"line":141,"column":6},"end":{"line":145,"column":null}},"type":"if","locations":[{"start":{"line":141,"column":6},"end":{"line":145,"column":null}}]}},"s":{"0":2,"1":2,"2":2,"3":2,"4":2,"5":3,"6":3,"7":3,"8":3,"9":3,"10":0,"11":3,"12":3,"13":3,"14":3,"15":3,"16":2,"17":2,"18":2,"19":2,"20":2,"21":1,"22":2,"23":3,"24":3,"25":3,"26":3,"27":3,"28":0,"29":3,"30":3,"31":3,"32":1,"33":2,"34":2,"35":1,"36":1,"37":1,"38":1,"39":1,"40":1,"41":0,"42":2,"43":1,"44":1,"45":1,"46":1,"47":0,"48":1,"49":1,"50":1,"51":1,"52":0,"53":1,"54":1,"55":1,"56":1,"57":1,"58":1,"59":1,"60":1,"61":1,"62":1,"63":0,"64":0,"65":0,"66":0,"67":0,"68":1,"69":2,"70":2,"71":2,"72":2,"73":2,"74":2,"75":2,"76":0,"77":2},"f":{"0":3,"1":3,"2":3,"3":3,"4":1,"5":1,"6":1,"7":1,"8":2,"9":2},"b":{"0":[0],"1":[3,3,3,3],"2":[0],"3":[3,3],"4":[1],"5":[1],"6":[0],"7":[1,1],"8":[0],"9":[1]}}
,"/Users/menachi/Documents/web_class/sce-2022/src/controllers/post.ts": {"path":"/Users/menachi/Documents/web_class/sce-2022/src/controllers/post.ts","statementMap":{"0":{"start":{"line":1,"column":0},"end":{"line":1,"column":40}},"1":{"start":{"line":8,"column":20},"end":{"line":25,"column":2}},"2":{"start":{"line":8,"column":58},"end":{"line":25,"column":2}},"3":{"start":{"line":9,"column":2},"end":{"line":9,"column":29}},"4":{"start":{"line":11,"column":2},"end":{"line":24,"column":null}},"5":{"start":{"line":12,"column":19},"end":{"line":12,"column":35}},"6":{"start":{"line":14,"column":4},"end":{"line":18,"column":null}},"7":{"start":{"line":15,"column":6},"end":{"line":15,"column":50}},"8":{"start":{"line":17,"column":6},"end":{"line":17,"column":32}},"9":{"start":{"line":19,"column":4},"end":{"line":19,"column":32}},"10":{"start":{"line":21,"column":4},"end":{"line":23,"column":7}},"11":{"start":{"line":27,"column":20},"end":{"line":48,"column":2}},"12":{"start":{"line":27,"column":58},"end":{"line":48,"column":2}},"13":{"start":{"line":28,"column":2},"end":{"line":28,"column":49}},"14":{"start":{"line":29,"column":13},"end":{"line":29,"column":26}},"15":{"start":{"line":30,"column":2},"end":{"line":32,"column":null}},"16":{"start":{"line":31,"column":4},"end":{"line":31,"column":59}},"17":{"start":{"line":34,"column":2},"end":{"line":47,"column":null}},"18":{"start":{"line":35,"column":17},"end":{"line":35,"column":40}},"19":{"start":{"line":36,"column":4},"end":{"line":42,"column":null}},"20":{"start":{"line":37,"column":6},"end":{"line":39,"column":9}},"21":{"start":{"line":41,"column":6},"end":{"line":41,"column":33}},"22":{"start":{"line":44,"column":4},"end":{"line":46,"column":7}},"23":{"start":{"line":55,"column":22},"end":{"line":71,"column":2}},"24":{"start":{"line":55,"column":60},"end":{"line":71,"column":2}},"25":{"start":{"line":56,"column":2},"end":{"line":56,"column":24}},"26":{"start":{"line":57,"column":17},"end":{"line":57,"column":29}},"27":{"start":{"line":58,"column":15},"end":{"line":61,"column":4}},"28":{"start":{"line":63,"column":2},"end":{"line":70,"column":null}},"29":{"start":{"line":64,"column":20},"end":{"line":64,"column":37}},"30":{"start":{"line":65,"column":4},"end":{"line":65,"column":34}},"31":{"start":{"line":67,"column":4},"end":{"line":69,"column":7}},"32":{"start":{"line":73,"column":23},"end":{"line":88,"column":2}},"33":{"start":{"line":73,"column":61},"end":{"line":88,"column":2}},"34":{"start":{"line":74,"column":2},"end":{"line":74,"column":52}},"35":{"start":{"line":75,"column":13},"end":{"line":75,"column":26}},"36":{"start":{"line":76,"column":2},"end":{"line":78,"column":null}},"37":{"start":{"line":77,"column":4},"end":{"line":77,"column":59}},"38":{"start":{"line":80,"column":2},"end":{"line":87,"column":null}},"39":{"start":{"line":81,"column":4},"end":{"line":81,"column":38}},"40":{"start":{"line":82,"column":4},"end":{"line":82,"column":27}},"41":{"start":{"line":84,"column":4},"end":{"line":86,"column":7}},"42":{"start":{"line":89,"column":0},"end":{"line":94,"column":2}}},"fnMap":{"0":{"name":"(anonymous_8)","decl":{"start":{"line":8,"column":20},"end":{"line":8,"column":27}},"loc":{"start":{"line":8,"column":58},"end":{"line":25,"column":2}}},"1":{"name":"(anonymous_9)","decl":{"start":{"line":8,"column":58},"end":{"line":8,"column":null}},"loc":{"start":{"line":8,"column":58},"end":{"line":25,"column":1}}},"2":{"name":"(anonymous_10)","decl":{"start":{"line":27,"column":20},"end":{"line":27,"column":27}},"loc":{"start":{"line":27,"column":58},"end":{"line":48,"column":2}}},"3":{"name":"(anonymous_11)","decl":{"start":{"line":27,"column":58},"end":{"line":27,"column":null}},"loc":{"start":{"line":27,"column":58},"end":{"line":48,"column":1}}},"4":{"name":"(anonymous_12)","decl":{"start":{"line":55,"column":22},"end":{"line":55,"column":29}},"loc":{"start":{"line":55,"column":60},"end":{"line":71,"column":2}}},"5":{"name":"(anonymous_13)","decl":{"start":{"line":55,"column":60},"end":{"line":55,"column":null}},"loc":{"start":{"line":55,"column":60},"end":{"line":71,"column":1}}},"6":{"name":"(anonymous_14)","decl":{"start":{"line":73,"column":23},"end":{"line":73,"column":30}},"loc":{"start":{"line":73,"column":61},"end":{"line":88,"column":2}}},"7":{"name":"(anonymous_15)","decl":{"start":{"line":73,"column":61},"end":{"line":73,"column":null}},"loc":{"start":{"line":73,"column":61},"end":{"line":88,"column":1}}}},"branchMap":{"0":{"loc":{"start":{"line":14,"column":4},"end":{"line":18,"column":null}},"type":"if","locations":[{"start":{"line":14,"column":4},"end":{"line":18,"column":null}},{"start":{"line":16,"column":11},"end":{"line":18,"column":null}}]},"1":{"loc":{"start":{"line":14,"column":8},"end":{"line":14,"column":45}},"type":"binary-expr","locations":[{"start":{"line":14,"column":8},"end":{"line":14,"column":22}},{"start":{"line":14,"column":26},"end":{"line":14,"column":45}}]},"2":{"loc":{"start":{"line":30,"column":2},"end":{"line":32,"column":null}},"type":"if","locations":[{"start":{"line":30,"column":2},"end":{"line":32,"column":null}}]},"3":{"loc":{"start":{"line":30,"column":6},"end":{"line":30,"column":35}},"type":"binary-expr","locations":[{"start":{"line":30,"column":6},"end":{"line":30,"column":16}},{"start":{"line":30,"column":20},"end":{"line":30,"column":35}}]},"4":{"loc":{"start":{"line":36,"column":4},"end":{"line":42,"column":null}},"type":"if","locations":[{"start":{"line":36,"column":4},"end":{"line":42,"column":null}},{"start":{"line":40,"column":11},"end":{"line":42,"column":null}}]},"5":{"loc":{"start":{"line":76,"column":2},"end":{"line":78,"column":null}},"type":"if","locations":[{"start":{"line":76,"column":2},"end":{"line":78,"column":null}}]},"6":{"loc":{"start":{"line":76,"column":6},"end":{"line":76,"column":35}},"type":"binary-expr","locations":[{"start":{"line":76,"column":6},"end":{"line":76,"column":16}},{"start":{"line":76,"column":20},"end":{"line":76,"column":35}}]}},"s":{"0":2,"1":2,"2":2,"3":2,"4":2,"5":2,"6":2,"7":1,"8":1,"9":2,"10":0,"11":2,"12":2,"13":2,"14":2,"15":2,"16":0,"17":2,"18":2,"19":2,"20":1,"21":1,"22":0,"23":2,"24":1,"25":1,"26":1,"27":1,"28":1,"29":1,"30":1,"31":0,"32":2,"33":1,"34":1,"35":1,"36":1,"37":0,"38":1,"39":1,"40":1,"41":0,"42":2},"f":{"0":2,"1":2,"2":2,"3":2,"4":1,"5":1,"6":1,"7":1},"b":{"0":[1,1],"1":[2,1],"2":[0],"3":[2,2],"4":[1,1],"5":[0],"6":[1,1]}}
,"/Users/menachi/Documents/web_class/sce-2022/src/models/post_model.ts": {"path":"/Users/menachi/Documents/web_class/sce-2022/src/models/post_model.ts","statementMap":{"0":{"start":{"line":1,"column":0},"end":{"line":1,"column":31}},"1":{"start":{"line":3,"column":19},"end":{"line":12,"column":2}},"2":{"start":{"line":14,"column":0},"end":{"line":14,"column":null}}},"fnMap":{},"branchMap":{},"s":{"0":2,"1":2,"2":2},"f":{},"b":{}}
,"/Users/menachi/Documents/web_class/sce-2022/src/models/user_model.ts": {"path":"/Users/menachi/Documents/web_class/sce-2022/src/models/user_model.ts","statementMap":{"0":{"start":{"line":1,"column":0},"end":{"line":1,"column":32}},"1":{"start":{"line":3,"column":19},"end":{"line":16,"column":2}},"2":{"start":{"line":18,"column":0},"end":{"line":18,"column":44}}},"fnMap":{},"branchMap":{},"s":{"0":2,"1":2,"2":2},"f":{},"b":{}}
,"/Users/menachi/Documents/web_class/sce-2022/src/routes/auth_routes.ts": {"path":"/Users/menachi/Documents/web_class/sce-2022/src/routes/auth_routes.ts","statementMap":{"0":{"start":{"line":1,"column":0},"end":{"line":1,"column":30}},"1":{"start":{"line":2,"column":15},"end":{"line":2,"column":31}},"2":{"start":{"line":3,"column":0},"end":{"line":3,"column":39}},"3":{"start":{"line":4,"column":0},"end":{"line":4,"column":53}},"4":{"start":{"line":78,"column":0},"end":{"line":78,"column":40}},"5":{"start":{"line":79,"column":0},"end":{"line":79,"column":34}},"6":{"start":{"line":80,"column":0},"end":{"line":80,"column":41}},"7":{"start":{"line":81,"column":0},"end":{"line":81,"column":45}},"8":{"start":{"line":82,"column":0},"end":{"line":82,"column":32}},"9":{"start":{"line":84,"column":0},"end":{"line":84,"column":16}}},"fnMap":{},"branchMap":{},"s":{"0":2,"1":2,"2":2,"3":2,"4":2,"5":2,"6":2,"7":2,"8":2,"9":2},"f":{},"b":{}}
,"/Users/menachi/Documents/web_class/sce-2022/src/routes/post_routes.ts": {"path":"/Users/menachi/Documents/web_class/sce-2022/src/routes/post_routes.ts","statementMap":{"0":{"start":{"line":1,"column":0},"end":{"line":1,"column":29}},"1":{"start":{"line":2,"column":15},"end":{"line":2,"column":31}},"2":{"start":{"line":3,"column":0},"end":{"line":3,"column":38}},"3":{"start":{"line":4,"column":0},"end":{"line":4,"column":52}},"4":{"start":{"line":6,"column":0},"end":{"line":6,"column":null}},"5":{"start":{"line":8,"column":0},"end":{"line":8,"column":null}},"6":{"start":{"line":10,"column":0},"end":{"line":10,"column":null}},"7":{"start":{"line":12,"column":0},"end":{"line":12,"column":null}},"8":{"start":{"line":14,"column":0},"end":{"line":14,"column":null}}},"fnMap":{},"branchMap":{},"s":{"0":2,"1":2,"2":2,"3":2,"4":2,"5":2,"6":2,"7":2,"8":2},"f":{},"b":{}}
}
