TN:
SF:dist/server.js
FN:2,(anonymous_0)
FN:13,(anonymous_1)
FN:16,(anonymous_2)
FNF:3
FNH:2
FNDA:16,(anonymous_0)
FNDA:0,(anonymous_1)
FNDA:2,(anonymous_2)
DA:2,2
DA:3,16
DA:5,2
DA:6,2
DA:7,2
DA:8,2
DA:9,2
DA:10,2
DA:11,2
DA:12,2
DA:13,2
DA:14,0
DA:16,2
DA:17,2
DA:19,2
DA:20,2
DA:21,2
DA:22,2
DA:23,2
DA:24,2
DA:25,2
DA:26,2
DA:27,2
DA:28,2
DA:29,0
DA:41,0
DA:42,0
DA:44,2
LF:28
LH:24
BRDA:2,0,0,2
BRDA:2,0,1,2
BRDA:2,0,2,2
BRDA:3,1,0,0
BRDA:3,1,1,16
BRDA:3,2,0,16
BRDA:3,2,1,16
BRDA:28,3,0,0
BRDA:28,3,1,2
BRF:9
BRH:7
end_of_record
TN:
SF:dist/common/auth_middleware.js
FN:2,(anonymous_0)
FN:3,adopt
FN:3,(anonymous_2)
FN:4,(anonymous_3)
FN:5,fulfilled
FN:6,rejected
FN:7,step
FN:11,(anonymous_7)
FN:16,(anonymous_8)
FN:16,(anonymous_9)
FN:22,(anonymous_10)
FNF:11
FNH:7
FNDA:3,(anonymous_0)
FNDA:0,adopt
FNDA:0,(anonymous_2)
FNDA:3,(anonymous_3)
FNDA:0,fulfilled
FNDA:0,rejected
FNDA:3,step
FNDA:2,(anonymous_7)
FNDA:3,(anonymous_8)
FNDA:3,(anonymous_9)
FNDA:3,(anonymous_10)
DA:2,2
DA:3,0
DA:4,3
DA:5,0
DA:6,0
DA:7,3
DA:8,3
DA:11,2
DA:12,2
DA:14,2
DA:15,2
DA:16,3
DA:17,3
DA:18,3
DA:19,0
DA:21,3
DA:22,3
DA:23,3
DA:24,0
DA:26,3
DA:27,3
DA:30,2
LF:22
LH:17
BRDA:2,0,0,2
BRDA:2,0,1,2
BRDA:2,0,2,2
BRDA:3,1,0,0
BRDA:3,1,1,0
BRDA:4,2,0,3
BRDA:4,2,1,3
BRDA:7,3,0,3
BRDA:7,3,1,0
BRDA:8,4,0,3
BRDA:8,4,1,3
BRDA:11,5,0,2
BRDA:11,5,1,2
BRDA:11,5,2,2
BRDA:12,6,0,0
BRDA:12,6,1,2
BRDA:12,7,0,2
BRDA:12,7,1,2
BRDA:18,8,0,0
BRDA:18,8,1,3
BRDA:18,9,0,3
BRDA:18,9,1,3
BRDA:23,10,0,0
BRDA:23,10,1,3
BRF:24
BRH:18
end_of_record
TN:
SF:dist/controllers/auth.js
FN:2,(anonymous_0)
FN:3,adopt
FN:3,(anonymous_2)
FN:4,(anonymous_3)
FN:5,fulfilled
FN:6,rejected
FN:7,step
FN:11,(anonymous_7)
FN:23,(anonymous_8)
FN:23,(anonymous_9)
FN:65,(anonymous_10)
FN:65,(anonymous_11)
FN:109,(anonymous_12)
FN:109,(anonymous_13)
FN:117,(anonymous_14)
FN:117,(anonymous_15)
FN:152,(anonymous_16)
FN:152,(anonymous_17)
FNF:18
FNH:18
FNDA:9,(anonymous_0)
FNDA:25,adopt
FNDA:9,(anonymous_2)
FNDA:9,(anonymous_3)
FNDA:23,fulfilled
FNDA:2,rejected
FNDA:34,step
FNDA:6,(anonymous_7)
FNDA:3,(anonymous_8)
FNDA:3,(anonymous_9)
FNDA:3,(anonymous_10)
FNDA:3,(anonymous_11)
FNDA:1,(anonymous_12)
FNDA:1,(anonymous_13)
FNDA:1,(anonymous_14)
FNDA:1,(anonymous_15)
FNDA:1,(anonymous_16)
FNDA:1,(anonymous_17)
DA:2,2
DA:3,25
DA:4,9
DA:5,23
DA:6,2
DA:7,34
DA:8,9
DA:11,2
DA:12,6
DA:14,2
DA:15,2
DA:16,2
DA:17,2
DA:23,3
DA:24,3
DA:26,3
DA:27,3
DA:28,3
DA:32,0
DA:35,3
DA:36,3
DA:39,3
DA:43,3
DA:44,3
DA:46,1
DA:47,1
DA:48,1
DA:49,1
DA:50,1
DA:57,2
DA:65,3
DA:66,3
DA:67,3
DA:68,3
DA:69,3
DA:70,0
DA:74,3
DA:76,3
DA:77,3
DA:78,1
DA:82,2
DA:83,2
DA:84,1
DA:89,1
DA:90,1
DA:91,1
DA:92,1
DA:93,1
DA:100,0
DA:109,2
DA:110,1
DA:112,1
DA:113,1
DA:114,0
DA:116,1
DA:117,1
DA:118,1
DA:119,0
DA:121,1
DA:122,1
DA:123,1
DA:124,1
DA:125,1
DA:126,1
DA:127,1
DA:128,1
DA:129,1
DA:130,1
DA:132,0
DA:133,0
DA:134,0
DA:135,0
DA:136,0
DA:143,1
DA:152,2
DA:153,1
DA:154,1
DA:155,1
DA:156,1
DA:157,1
DA:160,0
DA:163,2
LF:82
LH:71
BRDA:2,0,0,2
BRDA:2,0,1,2
BRDA:2,0,2,2
BRDA:3,1,0,16
BRDA:3,1,1,9
BRDA:4,2,0,9
BRDA:4,2,1,9
BRDA:7,3,0,9
BRDA:7,3,1,25
BRDA:8,4,0,9
BRDA:8,4,1,9
BRDA:11,5,0,2
BRDA:11,5,1,2
BRDA:11,5,2,2
BRDA:12,6,0,0
BRDA:12,6,1,6
BRDA:12,7,0,6
BRDA:12,7,1,6
BRDA:28,8,0,0
BRDA:28,8,1,3
BRDA:28,9,0,3
BRDA:28,9,1,3
BRDA:28,9,2,3
BRDA:28,9,3,3
BRDA:69,10,0,0
BRDA:69,10,1,3
BRDA:69,11,0,3
BRDA:69,11,1,3
BRDA:77,12,0,1
BRDA:77,12,1,2
BRDA:83,13,0,1
BRDA:83,13,1,1
BRDA:113,14,0,0
BRDA:113,14,1,1
BRDA:113,15,0,1
BRDA:113,15,1,1
BRDA:118,16,0,0
BRDA:118,16,1,1
BRDA:127,17,0,1
BRDA:127,17,1,0
BRF:40
BRH:34
end_of_record
TN:
SF:dist/controllers/post.js
FN:2,(anonymous_0)
FN:3,adopt
FN:3,(anonymous_2)
FN:4,(anonymous_3)
FN:5,fulfilled
FN:6,rejected
FN:7,step
FN:11,(anonymous_7)
FN:20,(anonymous_8)
FN:20,(anonymous_9)
FN:39,(anonymous_10)
FN:39,(anonymous_11)
FN:67,(anonymous_12)
FN:67,(anonymous_13)
FN:84,(anonymous_14)
FN:84,(anonymous_15)
FNF:16
FNH:15
FNDA:6,(anonymous_0)
FNDA:6,adopt
FNDA:5,(anonymous_2)
FNDA:6,(anonymous_3)
FNDA:6,fulfilled
FNDA:0,rejected
FNDA:12,step
FNDA:2,(anonymous_7)
FNDA:2,(anonymous_8)
FNDA:2,(anonymous_9)
FNDA:2,(anonymous_10)
FNDA:2,(anonymous_11)
FNDA:1,(anonymous_12)
FNDA:1,(anonymous_13)
FNDA:1,(anonymous_14)
FNDA:1,(anonymous_15)
DA:2,2
DA:3,6
DA:4,6
DA:5,6
DA:6,0
DA:7,12
DA:8,6
DA:11,2
DA:12,2
DA:14,2
DA:20,2
DA:21,2
DA:22,2
DA:23,2
DA:25,2
DA:26,1
DA:29,1
DA:31,2
DA:34,0
DA:39,2
DA:40,2
DA:41,2
DA:42,2
DA:43,0
DA:45,2
DA:46,2
DA:47,2
DA:48,1
DA:53,1
DA:57,0
DA:67,2
DA:68,1
DA:69,1
DA:70,1
DA:74,1
DA:75,1
DA:76,1
DA:79,0
DA:84,2
DA:85,1
DA:86,1
DA:87,1
DA:88,0
DA:90,1
DA:91,1
DA:92,1
DA:95,0
DA:100,2
LF:48
LH:41
BRDA:2,0,0,2
BRDA:2,0,1,2
BRDA:2,0,2,2
BRDA:3,1,0,1
BRDA:3,1,1,5
BRDA:4,2,0,6
BRDA:4,2,1,6
BRDA:7,3,0,6
BRDA:7,3,1,6
BRDA:8,4,0,6
BRDA:8,4,1,6
BRDA:11,5,0,2
BRDA:11,5,1,2
BRDA:11,5,2,2
BRDA:12,6,0,0
BRDA:12,6,1,2
BRDA:12,7,0,2
BRDA:12,7,1,2
BRDA:25,8,0,1
BRDA:25,8,1,1
BRDA:25,9,0,2
BRDA:25,9,1,1
BRDA:42,10,0,0
BRDA:42,10,1,2
BRDA:42,11,0,2
BRDA:42,11,1,2
BRDA:47,12,0,1
BRDA:47,12,1,1
BRDA:87,13,0,0
BRDA:87,13,1,1
BRDA:87,14,0,1
BRDA:87,14,1,1
BRF:32
BRH:29
end_of_record
TN:
SF:dist/models/post_model.js
FN:2,(anonymous_0)
FNF:1
FNH:1
FNDA:2,(anonymous_0)
DA:2,2
DA:3,2
DA:5,2
DA:6,2
DA:16,2
LF:5
LH:5
BRDA:2,0,0,2
BRDA:2,0,1,2
BRDA:2,0,2,2
BRDA:3,1,0,0
BRDA:3,1,1,2
BRDA:3,2,0,2
BRDA:3,2,1,2
BRF:7
BRH:6
end_of_record
TN:
SF:dist/models/user_model.js
FN:2,(anonymous_0)
FNF:1
FNH:1
FNDA:2,(anonymous_0)
DA:2,2
DA:3,2
DA:5,2
DA:6,2
DA:20,2
LF:5
LH:5
BRDA:2,0,0,2
BRDA:2,0,1,2
BRDA:2,0,2,2
BRDA:3,1,0,0
BRDA:3,1,1,2
BRDA:3,2,0,2
BRDA:3,2,1,2
BRF:7
BRH:6
end_of_record
TN:
SF:dist/routes/auth_routes.js
FN:2,(anonymous_0)
FNF:1
FNH:1
FNDA:6,(anonymous_0)
DA:2,2
DA:3,6
DA:5,2
DA:6,2
DA:7,2
DA:8,2
DA:77,2
DA:78,2
DA:79,2
DA:80,2
DA:81,2
DA:82,2
LF:12
LH:12
BRDA:2,0,0,2
BRDA:2,0,1,2
BRDA:2,0,2,2
BRDA:3,1,0,0
BRDA:3,1,1,6
BRDA:3,2,0,6
BRDA:3,2,1,6
BRF:7
BRH:6
end_of_record
TN:
SF:dist/routes/post_routes.js
FN:2,(anonymous_0)
FNF:1
FNH:1
FNDA:6,(anonymous_0)
DA:2,2
DA:3,6
DA:5,2
DA:6,2
DA:7,2
DA:8,2
DA:9,2
DA:10,2
DA:11,2
DA:12,2
DA:13,2
LF:11
LH:11
BRDA:2,0,0,2
BRDA:2,0,1,2
BRDA:2,0,2,2
BRDA:3,1,0,0
BRDA:3,1,1,6
BRDA:3,2,0,6
BRDA:3,2,1,6
BRF:7
BRH:6
end_of_record
TN:
SF:src/server.ts
FN:12,(anonymous_1)
FN:15,(anonymous_2)
FNF:2
FNH:1
FNDA:0,(anonymous_1)
FNDA:2,(anonymous_2)
DA:1,2
DA:2,2
DA:3,2
DA:4,2
DA:6,2
DA:8,2
DA:9,2
DA:11,2
DA:12,2
DA:13,0
DA:15,2
DA:16,2
DA:19,2
DA:20,2
DA:21,2
DA:23,2
DA:24,2
DA:26,2
DA:27,2
DA:29,2
DA:30,2
DA:32,2
DA:33,0
DA:45,0
DA:46,0
DA:48,2
LF:26
LH:22
BRDA:32,0,0,0
BRF:1
BRH:0
end_of_record
TN:
SF:src/common/auth_middleware.ts
FN:5,(anonymous_8)
FN:5,(anonymous_9)
FN:11,(anonymous_10)
FNF:3
FNH:3
FNDA:4,(anonymous_8)
FNDA:4,(anonymous_9)
FNDA:4,(anonymous_10)
DA:2,2
DA:3,2
DA:5,4
DA:6,4
DA:7,4
DA:8,0
DA:10,4
DA:11,4
DA:12,4
DA:13,0
DA:15,4
DA:16,4
DA:20,2
LF:13
LH:11
BRDA:7,0,0,0
BRDA:7,1,0,4
BRDA:7,1,1,4
BRDA:12,2,0,0
BRF:4
BRH:2
end_of_record
TN:
SF:src/controllers/auth.ts
FN:12,(anonymous_8)
FN:12,(anonymous_9)
FN:67,(anonymous_10)
FN:67,(anonymous_11)
FN:122,(anonymous_12)
FN:122,(anonymous_13)
FN:130,(anonymous_14)
FN:130,(anonymous_15)
FN:174,(anonymous_16)
FN:174,(anonymous_17)
FNF:10
FNH:10
FNDA:3,(anonymous_8)
FNDA:3,(anonymous_9)
FNDA:3,(anonymous_10)
FNDA:3,(anonymous_11)
FNDA:1,(anonymous_12)
FNDA:1,(anonymous_13)
FNDA:1,(anonymous_14)
FNDA:1,(anonymous_15)
FNDA:2,(anonymous_16)
FNDA:2,(anonymous_17)
DA:1,2
DA:3,2
DA:4,2
DA:5,2
DA:12,3
DA:13,3
DA:15,3
DA:16,3
DA:18,3
DA:24,0
DA:28,3
DA:29,3
DA:33,3
DA:37,3
DA:38,3
DA:40,2
DA:45,2
DA:50,2
DA:51,2
DA:52,2
DA:58,1
DA:67,3
DA:68,3
DA:69,3
DA:70,3
DA:71,3
DA:72,0
DA:77,3
DA:79,3
DA:80,3
DA:81,1
DA:86,2
DA:87,2
DA:88,1
DA:94,1
DA:99,1
DA:104,1
DA:105,1
DA:106,1
DA:112,0
DA:122,2
DA:123,1
DA:125,1
DA:126,1
DA:127,0
DA:129,1
DA:130,1
DA:131,1
DA:132,0
DA:134,1
DA:136,1
DA:137,1
DA:138,1
DA:139,1
DA:140,1
DA:141,1
DA:142,1
DA:143,1
DA:144,1
DA:146,0
DA:151,0
DA:156,0
DA:157,0
DA:158,0
DA:164,1
DA:174,2
DA:175,2
DA:176,2
DA:177,2
DA:178,2
DA:179,2
DA:182,0
DA:186,2
LF:73
LH:62
BRDA:18,0,0,0
BRDA:19,1,0,3
BRDA:19,1,1,3
BRDA:19,1,2,3
BRDA:19,1,3,3
BRDA:71,2,0,0
BRDA:71,3,0,3
BRDA:71,3,1,3
BRDA:80,4,0,1
BRDA:87,5,0,1
BRDA:126,6,0,0
BRDA:126,7,0,1
BRDA:126,7,1,1
BRDA:131,8,0,0
BRDA:141,9,0,1
BRF:15
BRH:11
end_of_record
TN:
SF:src/controllers/post.ts
FN:8,(anonymous_8)
FN:8,(anonymous_9)
FN:27,(anonymous_10)
FN:27,(anonymous_11)
FN:55,(anonymous_12)
FN:55,(anonymous_13)
FN:73,(anonymous_14)
FN:73,(anonymous_15)
FNF:8
FNH:8
FNDA:2,(anonymous_8)
FNDA:2,(anonymous_9)
FNDA:2,(anonymous_10)
FNDA:2,(anonymous_11)
FNDA:1,(anonymous_12)
FNDA:1,(anonymous_13)
FNDA:1,(anonymous_14)
FNDA:1,(anonymous_15)
DA:1,2
DA:8,2
DA:9,2
DA:11,2
DA:12,2
DA:14,2
DA:15,1
DA:17,1
DA:19,2
DA:21,0
DA:27,2
DA:28,2
DA:29,2
DA:30,2
DA:31,0
DA:34,2
DA:35,2
DA:36,2
DA:37,1
DA:41,1
DA:44,0
DA:55,2
DA:56,1
DA:57,1
DA:58,1
DA:63,1
DA:64,1
DA:65,1
DA:67,0
DA:73,2
DA:74,1
DA:75,1
DA:76,1
DA:77,0
DA:80,1
DA:81,1
DA:82,1
DA:84,0
DA:89,2
LF:39
LH:33
BRDA:14,0,0,1
BRDA:14,0,1,1
BRDA:14,1,0,2
BRDA:14,1,1,1
BRDA:30,2,0,0
BRDA:30,3,0,2
BRDA:30,3,1,2
BRDA:36,4,0,1
BRDA:36,4,1,1
BRDA:76,5,0,0
BRDA:76,6,0,1
BRDA:76,6,1,1
BRF:12
BRH:10
end_of_record
TN:
SF:src/models/post_model.ts
FNF:0
FNH:0
DA:1,2
DA:3,2
DA:14,2
LF:3
LH:3
BRF:0
BRH:0
end_of_record
TN:
SF:src/models/user_model.ts
FNF:0
FNH:0
DA:1,2
DA:3,2
DA:18,2
LF:3
LH:3
BRF:0
BRH:0
end_of_record
TN:
SF:src/routes/auth_routes.ts
FNF:0
FNH:0
DA:1,2
DA:2,2
DA:3,2
DA:4,2
DA:78,2
DA:79,2
DA:80,2
DA:81,2
DA:82,2
DA:84,2
LF:10
LH:10
BRF:0
BRH:0
end_of_record
TN:
SF:src/routes/post_routes.ts
FNF:0
FNH:0
DA:1,2
DA:2,2
DA:3,2
DA:4,2
DA:6,2
DA:8,2
DA:10,2
DA:12,2
DA:14,2
LF:9
LH:9
BRF:0
BRH:0
end_of_record
